Subject:
	Security ID:		S-1-5-21-526676626-1424332610-3041271291-1001
	Account Name:		palla
	Account Domain:		PALLAVI
	Logon ID:		0x9FD690A
	Read Operation:		Enumerate Credentials

This event occurs when a user performs a read operation on stored credentials in Credential Manager.",5379,0,,0,13824,0,-9.21436E+18,651434,Microsoft-Windows-Security-Auditing,54849625-5478-4994-a5ba-3e3b0328c30d,Security,1044,1100,Pallavi,,8/22/2025 10:00,c4ca9b73-111d-0000-28a7-cac41d11dc01,,d:\loganalyzerproject\data\security.evtx,System.UInt32[],System.Diagnostics.Eventing.Reader.EventBookmark,Log Always,?E?,User Account Management,System.Collections.ObjectModel.ReadOnlyCollection`1[System.String],System.Collections.Generic.List`1[System.Diagnostics.Eventing.Reader.EventProperty]
"Credential Manager credentials were read.

Subject:
	Security ID:		S-1-5-21-526676626-1424332610-3041271291-1001
	Account Name:		palla
	Account Domain:		PALLAVI
	Logon ID:		0x9FD690A
	Read Operation:		Enumerate Credentials

This event occurs when a user performs a read operation on stored credentials in Credential Manager.",5379,0,,0,13824,0,-9.21436E+18,651433,Microsoft-Windows-Security-Auditing,54849625-5478-4994-a5ba-3e3b0328c30d,Security,1044,10320,Pallavi,,8/22/2025 10:00,c4ca9b73-111d-0000-28a7-cac41d11dc01,,d:\loganalyzerproject\data\security.evtx,System.UInt32[],System.Diagnostics.Eventing.Reader.EventBookmark,Log Always,?E?,User Account Management,System.Collections.ObjectModel.ReadOnlyCollection`1[System.String],System.Collections.Generic.List`1[System.Diagnostics.Eventing.Reader.EventProperty]
"Credential Manager credentials were read.

Subject:
	Security ID:		S-1-5-21-526676626-1424332610-3041271291-1001
	Account Name:		palla
	Account Domain:		PALLAVI
	Logon ID:		0x9FD690A
	Read Operation:		Enumerate Credentials

This event occurs when a user performs a read operation on stored credentials in Credential Manager.",5379,0,,0,13824,0,-9.21436E+18,651432,Microsoft-Windows-Security-Auditing,54849625-5478-4994-a5ba-3e3b0328c30d,Security,1044,1100,Pallavi,,8/22/2025 10:00,c4ca9b73-111d-0000-28a7-cac41d11dc01,,d:\loganalyzerproject\data\security.evtx,System.UInt32[],System.Diagnostics.Eventing.Reader.EventBookmark,Log Always,?E?,User Account Management,System.Collections.ObjectModel.ReadOnlyCollection`1[System.String],System.Collections.Generic.List`1[System.Diagnostics.Eventing.Reader.EventProperty]
"Credential Manager credentials were read.

Subject:
	Security ID:		S-1-5-21-526676626-1424332610-3041271291-1001
	Account Name:		palla
	Account Domain:		PALLAVI
	Logon ID:		0x9FD690A
	Read Operation:		Enumerate Credentials

This event occurs when a user performs a read operation on stored credentials in Credential Manager.",5379,0,,0,13824,0,-9.21436E+18,651431,Microsoft-Windows-Security-Auditing,54849625-5478-4994-a5ba-3e3b0328c30d,Security,1044,1100,Pallavi,,8/22/2025 10:00,c4ca9b73-111d-0000-28a7-cac41d11dc01,,d:\loganalyzerproject\data\security.evtx,System.UInt32[],System.Diagnostics.Eventing.Reader.EventBookmark,Log Always,?E?,User Account Management,System.Collections.ObjectModel.ReadOnlyCollection`1[System.String],System.Collections.Generic.List`1[System.Diagnostics.Eventing.Reader.EventProperty]
"Credential Manager credentials were read.

Subject:
	Security ID:		S-1-5-21-526676626-1424332610-3041271291-1001
	Account Name:		palla
	Account Domain:		PALLAVI
	Logon ID:		0x9FD690A
	Read Operation:		Enumerate Credentials

This event occurs when a user performs a read operation on stored credentials in Credential Manager.",5379,0,,0,13824,0,-9.21436E+18,651430,Microsoft-Windows-Security-Auditing,54849625-5478-4994-a5ba-3e3b0328c30d,Security,1044,10320,Pallavi,,8/22/2025 10:00,c4ca9b73-111d-0000-28a7-cac41d11dc01,,d:\loganalyzerproject\data\security.evtx,System.UInt32[],System.Diagnostics.Eventing.Reader.EventBookmark,Log Always,?E?,User Account Management,System.Collections.ObjectModel.ReadOnlyCollection`1[System.String],System.Collections.Generic.List`1[System.Diagnostics.Eventing.Reader.EventProperty]
"Credential Manager credentials were read.

Subject:
	Security ID:		S-1-5-21-526676626-1424332610-3041271291-1001
	Account Name:		palla
	Account Domain:		PALLAVI
	Logon ID:		0x9FD690A
	Read Operation:		Enumerate Credentials

This event occurs when a user performs a read operation on stored credentials in Credential Manager.",5379,0,,0,13824,0,-9.21436E+18,651429,Microsoft-Windows-Security-Auditing,54849625-5478-4994-a5ba-3e3b0328c30d,Security,1044,10320,Pallavi,,8/22/2025 10:00,c4ca9b73-111d-0000-28a7-cac41d11dc01,,d:\loganalyzerproject\data\security.evtx,System.UInt32[],System.Diagnostics.Eventing.Reader.EventBookmark,Log Always,?E?,User Account Management,System.Collections.ObjectModel.ReadOnlyCollection`1[System.String],System.Collections.Generic.List`1[System.Diagnostics.Eventing.Reader.EventProperty]
"Credential Manager credentials were read.

Subject:
	Security ID:		S-1-5-21-526676626-1424332610-3041271291-1001
	Account Name:		palla
	Account Domain:		PALLAVI
	Logon ID:		0x9FD690A
	Read Operation:		Enumerate Credentials

This event occurs when a user performs a read operation on stored credentials in Credential Manager.",5379,0,,0,13824,0,-9.21436E+18,651428,Microsoft-Windows-Security-Auditing,54849625-5478-4994-a5ba-3e3b0328c30d,Security,1044,1100,Pallavi,,8/22/2025 10:00,c4ca9b73-111d-0000-28a7-cac41d11dc01,,d:\loganalyzerproject\data\security.evtx,System.UInt32[],System.Diagnostics.Eventing.Reader.EventBookmark,Log Always,?E?,User Account Management,System.Collections.ObjectModel.ReadOnlyCollection`1[System.String],System.Collections.Generic.List`1[System.Diagnostics.Eventing.Reader.EventProperty]
"Credential Manager credentials were read.

Subject:
	Security ID:		S-1-5-21-526676626-1424332610-3041271291-1001
	Account Name:		palla
	Account Domain:		PALLAVI
	Logon ID:		0x9FD690A
	Read Operation:		Enumerate Credentials

This event occurs when a user performs a read operation on stored credentials in Credential Manager.",5379,0,,0,13824,0,-9.21436E+18,651427,Microsoft-Windows-Security-Auditing,54849625-5478-4994-a5ba-3e3b0328c30d,Security,1044,1100,Pallavi,,8/22/2025 10:00,c4ca9b73-111d-0000-28a7-cac41d11dc01,,d:\loganalyzerproject\data\security.evtx,System.UInt32[],System.Diagnostics.Eventing.Reader.EventBookmark,Log Always,?E?,User Account Management,System.Collections.ObjectModel.ReadOnlyCollection`1[System.String],System.Collections.Generic.List`1[System.Diagnostics.Eventing.Reader.EventProperty]
"Credential Manager credentials were read.

Subject:
	Security ID:		S-1-5-21-526676626-1424332610-3041271291-1001
	Account Name:		palla
	Account Domain:		PALLAVI
	Logon ID:		0x9FD690A
	Read Operation:		Enumerate Credentials

This event occurs when a user performs a read operation on stored credentials in Credential Manager.",5379,0,,0,13824,0,-9.21436E+18,651426,Microsoft-Windows-Security-Auditing,54849625-5478-4994-a5ba-3e3b0328c30d,Security,1044,10320,Pallavi,,8/22/2025 10:00,c4ca9b73-111d-0000-28a7-cac41d11dc01,,d:\loganalyzerproject\data\security.evtx,System.UInt32[],System.Diagnostics.Eventing.Reader.EventBookmark,Log Always,?E?,User Account Management,System.Collections.ObjectModel.ReadOnlyCollection`1[System.String],System.Collections.Generic.List`1[System.Diagnostics.Eventing.Reader.EventProperty]
"Credential Manager credentials were read.

Subject:
	Security ID:		S-1-5-21-526676626-1424332610-3041271291-1001
	Account Name:		palla
	Account Domain:		PALLAVI
	Logon ID:		0x9FD690A
	Read Operation:		Enumerate Credentials

This event occurs when a user performs a read operation on stored credentials in Credential Manager.",5379,0,,0,13824,0,-9.21436E+18,651425,Microsoft-Windows-Security-Auditing,54849625-5478-4994-a5ba-3e3b0328c30d,Security,1044,8728,Pallavi,,8/22/2025 10:00,c4ca9b73-111d-0000-28a7-cac41d11dc01,,d:\loganalyzerproject\data\security.evtx,System.UInt32[],System.Diagnostics.Eventing.Reader.EventBookmark,Log Always,?E?,User Account Management,System.Collections.ObjectModel.ReadOnlyCollection`1[System.String],System.Collections.Generic.List`1[System.Diagnostics.Eventing.Reader.EventProperty]
"Credential Manager credentials were read.

Subject:
	Security ID:		S-1-5-21-526676626-1424332610-3041271291-1001
	Account Name:		palla
	Account Domain:		PALLAVI
	Logon ID:		0x9FD690A
	Read Operation:		Enumerate Credentials

This event occurs when a user performs a read operation on stored credentials in Credential Manager.",5379,0,,0,13824,0,-9.21436E+18,651424,Microsoft-Windows-Security-Auditing,54849625-5478-4994-a5ba-3e3b0328c30d,Security,1044,10320,Pallavi,,8/22/2025 10:00,c4ca9b73-111d-0000-28a7-cac41d11dc01,,d:\loganalyzerproject\data\security.evtx,System.UInt32[],System.Diagnostics.Eventing.Reader.EventBookmark,Log Always,?E?,User Account Management,System.Collections.ObjectModel.ReadOnlyCollection`1[System.String],System.Collections.Generic.List`1[System.Diagnostics.Eventing.Reader.EventProperty]
"Credential Manager credentials were read.

Subject:
	Security ID:		S-1-5-21-526676626-1424332610-3041271291-1001
	Account Name:		palla
	Account Domain:		PALLAVI
	Logon ID:		0x9FD690A
	Read Operation:		Enumerate Credentials

This event occurs when a user performs a read operation on stored credentials in Credential Manager.",5379,0,,0,13824,0,-9.21436E+18,651423,Microsoft-Windows-Security-Auditing,54849625-5478-4994-a5ba-3e3b0328c30d,Security,1044,8728,Pallavi,,8/22/2025 10:00,c4ca9b73-111d-0000-28a7-cac41d11dc01,,d:\loganalyzerproject\data\security.evtx,System.UInt32[],System.Diagnostics.Eventing.Reader.EventBookmark,Log Always,?E?,User Account Management,System.Collections.ObjectModel.ReadOnlyCollection`1[System.String],System.Collections.Generic.List`1[System.Diagnostics.Eventing.Reader.EventProperty]
"Credential Manager credentials were read.

Subject:
	Security ID:		S-1-5-21-526676626-1424332610-3041271291-1001
	Account Name:		palla
	Account Domain:		PALLAVI
	Logon ID:		0x9FD690A
	Read Operation:		Enumerate Credentials

This event occurs when a user performs a read operation on stored credentials in Credential Manager.",5379,0,,0,13824,0,-9.21436E+18,651422,Microsoft-Windows-Security-Auditing,54849625-5478-4994-a5ba-3e3b0328c30d,Security,1044,10320,Pallavi,,8/22/2025 10:00,c4ca9b73-111d-0000-28a7-cac41d11dc01,,d:\loganalyzerproject\data\security.evtx,System.UInt32[],System.Diagnostics.Eventing.Reader.EventBookmark,Log Always,?E?,User Account Management,System.Collections.ObjectModel.ReadOnlyCollection`1[System.String],System.Collections.Generic.List`1[System.Diagnostics.Eventing.Reader.EventProperty]
"Credential Manager credentials were read.

Subject:
	Security ID:		S-1-5-21-526676626-1424332610-3041271291-1001
	Account Name:		palla
	Account Domain:		PALLAVI
	Logon ID:		0x9FD690A
	Read Operation:		Enumerate Credentials

This event occurs when a user performs a read operation on stored credentials in Credential Manager.",5379,0,,0,13824,0,-9.21436E+18,651421,Microsoft-Windows-Security-Auditing,54849625-5478-4994-a5ba-3e3b0328c30d,Security,1044,10320,Pallavi,,8/22/2025 10:00,c4ca9b73-111d-0000-28a7-cac41d11dc01,,d:\loganalyzerproject\data\security.evtx,System.UInt32[],System.Diagnostics.Eventing.Reader.EventBookmark,Log Always,?E?,User Account Management,System.Collections.ObjectModel.ReadOnlyCollection`1[System.String],System.Collections.Generic.List`1[System.Diagnostics.Eventing.Reader.EventProperty]
"Credential Manager credentials were read.

Subject:
	Security ID:		S-1-5-21-526676626-1424332610-3041271291-1001
	Account Name:		palla
	Account Domain:		PALLAVI
	Logon ID:		0x9FD690A
	Read Operation:		Enumerate Credentials

This event occurs when a user performs a read operation on stored credentials in Credential Manager.",5379,0,,0,13824,0,-9.21436E+18,651420,Microsoft-Windows-Security-Auditing,54849625-5478-4994-a5ba-3e3b0328c30d,Security,1044,8728,Pallavi,,8/22/2025 10:00,c4ca9b73-111d-0000-28a7-cac41d11dc01,,d:\loganalyzerproject\data\security.evtx,System.UInt32[],System.Diagnostics.Eventing.Reader.EventBookmark,Log Always,?E?,User Account Management,System.Collections.ObjectModel.ReadOnlyCollection`1[System.String],System.Collections.Generic.List`1[System.Diagnostics.Eventing.Reader.EventProperty]
"Credential Manager credentials were read.

Subject:
	Security ID:		S-1-5-21-526676626-1424332610-3041271291-1001
	Account Name:		palla
	Account Domain:		PALLAVI
	Logon ID:		0x9FD690A
	Read Operation:		Enumerate Credentials

This event occurs when a user performs a read operation on stored credentials in Credential Manager.",5379,0,,0,13824,0,-9.21436E+18,651419,Microsoft-Windows-Security-Auditing,54849625-5478-4994-a5ba-3e3b0328c30d,Security,1044,10320,Pallavi,,8/22/2025 10:00,c4ca9b73-111d-0000-28a7-cac41d11dc01,,d:\loganalyzerproject\data\security.evtx,System.UInt32[],System.Diagnostics.Eventing.Reader.EventBookmark,Log Always,?E?,User Account Management,System.Collections.ObjectModel.ReadOnlyCollection`1[System.String],System.Collections.Generic.List`1[System.Diagnostics.Eventing.Reader.EventProperty]
"Credential Manager credentials were read.

Subject:
	Security ID:		S-1-5-21-526676626-1424332610-3041271291-1001
	Account Name:		palla
	Account Domain:		PALLAVI
	Logon ID:		0x9FD690A
	Read Operation:		Enumerate Credentials

This event occurs when a user performs a read operation on stored credentials in Credential Manager.",5379,0,,0,13824,0,-9.21436E+18,651418,Microsoft-Windows-Security-Auditing,54849625-5478-4994-a5ba-3e3b0328c30d,Security,1044,8728,Pallavi,,8/22/2025 10:00,c4ca9b73-111d-0000-28a7-cac41d11dc01,,d:\loganalyzerproject\data\security.evtx,System.UInt32[],System.Diagnostics.Eventing.Reader.EventBookmark,Log Always,?E?,User Account Management,System.Collections.ObjectModel.ReadOnlyCollection`1[System.String],System.Collections.Generic.List`1[System.Diagnostics.Eventing.Reader.EventProperty]
"Credential Manager credentials were read.

Subject:
	Security ID:		S-1-5-21-526676626-1424332610-3041271291-1001
	Account Name:		palla
	Account Domain:		PALLAVI
	Logon ID:		0x9FD690A
	Read Operation:		Enumerate Credentials

This event occurs when a user performs a read operation on stored credentials in Credential Manager.",5379,0,,0,13824,0,-9.21436E+18,651417,Microsoft-Windows-Security-Auditing,54849625-5478-4994-a5ba-3e3b0328c30d,Security,1044,10320,Pallavi,,8/22/2025 10:00,c4ca9b73-111d-0000-28a7-cac41d11dc01,,d:\loganalyzerproject\data\security.evtx,System.UInt32[],System.Diagnostics.Eventing.Reader.EventBookmark,Log Always,?E?,User Account Management,System.Collections.ObjectModel.ReadOnlyCollection`1[System.String],System.Collections.Generic.List`1[System.Diagnostics.Eventing.Reader.EventProperty]
"Credential Manager credentials were read.

Subject:
	Security ID:		S-1-5-21-526676626-1424332610-3041271291-1001
	Account Name:		palla
	Account Domain:		PALLAVI
	Logon ID:		0x9FD690A
	Read Operation:		Enumerate Credentials

This event occurs when a user performs a read operation on stored credentials in Credential Manager.",5379,0,,0,13824,0,-9.21436E+18,651416,Microsoft-Windows-Security-Auditing,54849625-5478-4994-a5ba-3e3b0328c30d,Security,1044,8728,Pallavi,,8/22/2025 10:00,c4ca9b73-111d-0000-28a7-cac41d11dc01,,d:\loganalyzerproject\data\security.evtx,System.UInt32[],System.Diagnostics.Eventing.Reader.EventBookmark,Log Always,?E?,User Account Management,System.Collections.ObjectModel.ReadOnlyCollection`1[System.String],System.Collections.Generic.List`1[System.Diagnostics.Eventing.Reader.EventProperty]
"Credential Manager credentials were read.

Subject:
	Security ID:		S-1-5-21-526676626-1424332610-3041271291-1001
	Account Name:		palla
	Account Domain:		PALLAVI
	Logon ID:		0x9FD690A
	Read Operation:		Enumerate Credentials

This event occurs when a user performs a read operation on stored credentials in Credential Manager.",5379,0,,0,13824,0,-9.21436E+18,651415,Microsoft-Windows-Security-Auditing,54849625-5478-4994-a5ba-3e3b0328c30d,Security,1044,8728,Pallavi,,8/22/2025 10:00,c4ca9b73-111d-0000-28a7-cac41d11dc01,,d:\loganalyzerproject\data\security.evtx,System.UInt32[],System.Diagnostics.Eventing.Reader.EventBookmark,Log Always,?E?,User Account Management,System.Collections.ObjectModel.ReadOnlyCollection`1[System.String],System.Collections.Generic.List`1[System.Diagnostics.Eventing.Reader.EventProperty]
"Credential Manager credentials were read.

Subject:
	Security ID:		S-1-5-21-526676626-1424332610-3041271291-1001
	Account Name:		palla
	Account Domain:		PALLAVI
	Logon ID:		0x9FD690A
	Read Operation:		Enumerate Credentials

This event occurs when a user performs a read operation on stored credentials in Credential Manager.",5379,0,,0,13824,0,-9.21436E+18,651414,Microsoft-Windows-Security-Auditing,54849625-5478-4994-a5ba-3e3b0328c30d,Security,1044,10320,Pallavi,,8/22/2025 10:00,c4ca9b73-111d-0000-28a7-cac41d11dc01,,d:\loganalyzerproject\data\security.evtx,System.UInt32[],System.Diagnostics.Eventing.Reader.EventBookmark,Log Always,?E?,User Account Management,System.Collections.ObjectModel.ReadOnlyCollection`1[System.String],System.Collections.Generic.List`1[System.Diagnostics.Eventing.Reader.EventProperty]
"Credential Manager credentials were read.

Subject:
	Security ID:		S-1-5-21-526676626-1424332610-3041271291-1001
	Account Name:		palla
	Account Domain:		PALLAVI
	Logon ID:		0x9FD690A
	Read Operation:		Enumerate Credentials

This event occurs when a user performs a read operation on stored credentials in Credential Manager.",5379,0,,0,13824,0,-9.21436E+18,651413,Microsoft-Windows-Security-Auditing,54849625-5478-4994-a5ba-3e3b0328c30d,Security,1044,8728,Pallavi,,8/22/2025 10:00,c4ca9b73-111d-0000-28a7-cac41d11dc01,,d:\loganalyzerproject\data\security.evtx,System.UInt32[],System.Diagnostics.Eventing.Reader.EventBookmark,Log Always,?E?,User Account Management,System.Collections.ObjectModel.ReadOnlyCollection`1[System.String],System.Collections.Generic.List`1[System.Diagnostics.Eventing.Reader.EventProperty]
"Credential Manager credentials were read.

Subject:
	Security ID:		S-1-5-21-526676626-1424332610-3041271291-1001
	Account Name:		palla
	Account Domain:		PALLAVI
	Logon ID:		0x9FD690A
	Read Operation:		Enumerate Credentials

This event occurs when a user performs a read operation on stored credentials in Credential Manager.",5379,0,,0,13824,0,-9.21436E+18,651412,Microsoft-Windows-Security-Auditing,54849625-5478-4994-a5ba-3e3b0328c30d,Security,1044,10320,Pallavi,,8/22/2025 10:00,c4ca9b73-111d-0000-28a7-cac41d11dc01,,d:\loganalyzerproject\data\security.evtx,System.UInt32[],System.Diagnostics.Eventing.Reader.EventBookmark,Log Always,?E?,User Account Management,System.Collections.ObjectModel.ReadOnlyCollection`1[System.String],System.Collections.Generic.List`1[System.Diagnostics.Eventing.Reader.EventProperty]
,4624,,,,,,,,,,,,,,,,,,,,,,,,,
,4625,,,,,,,,,,,,,,,,,,,,,,,,,
,4672,,,,,,,,,,,,,,,,,,,,,,,,,
,4634,,,,,,,,,,,,,,,,,,,,,,,,,
,4648,,,,,,,,,,,,,,,,,,,,,,,,,
,4624,,,,,,,,,,,,,,,,,,,,,,,,,
,4625,,,,,,,,,,,,,,,,,,,,,,,,,
,4670,,,,,,,,,,,,,,,,,,,,,,,,,
,4634,,,,,,,,,,,,,,,,,,,,,,,,,
,4647,,,,,,,,,,,,,,,,,,,,,,,,,
,4624,,,,,,,,,,,,,,,,,,,,,,,,,
,4625,,,,,,,,,,,,,,,,,,,,,,,,,
,4672,,,,,,,,,,,,,,,,,,,,,,,,,
,4634,,,,,,,,,,,,,,,,,,,,,,,,,
,4648,,,,,,,,,,,,,,,,,,,,,,,,,
,4624,,,,,,,,,,,,,,,,,,,,,,,,,
,4625,,,,,,,,,,,,,,,,,,,,,,,,,
,4670,,,,,,,,,,,,,,,,,,,,,,,,,
,4634,,,,,,,,,,,,,,,,,,,,,,,,,
,4647,,,,,,,,,,,,,,,,,,,,,,,,,
