Subject:
	Security ID:		S-1-5-18
	Account Name:		PALLAVI$
	Account Domain:		WORKGROUP
	Logon ID:		0x3E7

User:
	Security ID:		S-1-5-21-526676626-1424332610-3041271291-503
	Account Name:		DefaultAccount
	Account Domain:		Pallavi

Process Information:
	Process ID:		0x1b30
	Process Name:		C:\Windows\System32\svchost.exe",4798,0.0,,0.0,13824.0,0.0,-9.21436e+18,651872.0,Microsoft-Windows-Security-Auditing,54849625-5478-4994-a5ba-3e3b0328c30d,Security,1044.0,10320.0,Pallavi,,8/22/2025 10:05,c4ca9b73-111d-0000-28a7-cac41d11dc01,,d:\loganalyzerproject\data\security.evtx,System.UInt32[],System.Diagnostics.Eventing.Reader.EventBookmark,Log Always,?E?,User Account Management,System.Collections.ObjectModel.ReadOnlyCollection`1[System.String],System.Collections.Generic.List`1[System.Diagnostics.Eventing.Reader.EventProperty],0,2025-08-22 10:05:00
"A user's local group membership was enumerated.

Subject:
	Security ID:		S-1-5-18
	Account Name:		PALLAVI$
	Account Domain:		WORKGROUP
	Logon ID:		0x3E7

User:
	Security ID:		S-1-5-21-526676626-1424332610-3041271291-500
	Account Name:		Administrator
	Account Domain:		Pallavi

Process Information:
	Process ID:		0x1b30
	Process Name:		C:\Windows\System32\svchost.exe",4798,0.0,,0.0,13824.0,0.0,-9.21436e+18,651871.0,Microsoft-Windows-Security-Auditing,54849625-5478-4994-a5ba-3e3b0328c30d,Security,1044.0,10320.0,Pallavi,,8/22/2025 10:05,c4ca9b73-111d-0000-28a7-cac41d11dc01,,d:\loganalyzerproject\data\security.evtx,System.UInt32[],System.Diagnostics.Eventing.Reader.EventBookmark,Log Always,?E?,User Account Management,System.Collections.ObjectModel.ReadOnlyCollection`1[System.String],System.Collections.Generic.List`1[System.Diagnostics.Eventing.Reader.EventProperty],0,2025-08-22 10:05:00
"Special privileges assigned to new logon.

Subject:
	Security ID:		S-1-5-18
	Account Name:		SYSTEM
	Account Domain:		NT AUTHORITY
	Logon ID:		0x3E7

Privileges:		SeAssignPrimaryTokenPrivilege
			SeTcbPrivilege
			SeSecurityPrivilege
			SeTakeOwnershipPrivilege
			SeLoadDriverPrivilege
			SeBackupPrivilege
			SeRestorePrivilege
			SeDebugPrivilege
			SeAuditPrivilege
			SeSystemEnvironmentPrivilege
			SeImpersonatePrivilege
			SeDelegateSessionUserImpersonatePrivilege",4672,0.0,,0.0,12548.0,0.0,-9.21436e+18,651870.0,Microsoft-Windows-Security-Auditing,54849625-5478-4994-a5ba-3e3b0328c30d,Security,1044.0,10320.0,Pallavi,,8/22/2025 10:05,c4ca9b73-111d-0000-28a7-cac41d11dc01,,d:\loganalyzerproject\data\security.evtx,System.UInt32[],System.Diagnostics.Eventing.Reader.EventBookmark,Log Always,?E?,Special Logon,System.Collections.ObjectModel.ReadOnlyCollection`1[System.String],System.Collections.Generic.List`1[System.Diagnostics.Eventing.Reader.EventProperty],0,2025-08-22 10:05:00
"An account was successfully logged on.

Subject:
	Security ID:		S-1-5-18
	Account Name:		PALLAVI$
	Account Domain:		WORKGROUP
	Logon ID:		0x3E7

Logon Information:
	Logon Type:		5
	Restricted Admin Mode:	-
	Remote Credential Guard:	-
	Virtual Account:		No
	Elevated Token:		Yes

Impersonation Level:		Impersonation

New Logon:
	Security ID:		S-1-5-18
	Account Name:		SYSTEM
	Account Domain:		NT AUTHORITY
	Logon ID:		0x3E7
	Linked Logon ID:		0x0
	Network Account Name:	-
	Network Account Domain:	-
	Logon GUID:		{00000000-0000-0000-0000-000000000000}

Process Information:
	Process ID:		0x368
	Process Name:		C:\Windows\System32\services.exe

Network Information:
	Workstation Name:	-
	Source Network Address:	-
	Source Port:		-

Detailed Authentication Information:
	Logon Process:		Advapi  
	Authentication Package:	Negotiate
	Transited Services:	-
	Package Name (NTLM only):	-
	Key Length:		0

This event is generated when a logon session is created. It is generated on the computer that was accessed.

The subject fields indicate the account on the local system which requested the logon. This is most commonly a service such as the Server service, or a local process such as Winlogon.exe or Services.exe.

The logon type field indicates the kind of logon that occurred. The most common types are 2 (interactive) and 3 (network).

The New Logon fields indicate the account for whom the new logon was created, i.e. the account that was logged on.

The network fields indicate where a remote logon request originated. Workstation name is not always available and may be left blank in some cases.

The impersonation level field indicates the extent to which a process in the logon session can impersonate.

The authentication information fields provide detailed information about this specific logon request.
	- Logon GUID is a unique identifier that can be used to correlate this event with a KDC event.
	- Transited services indicate which intermediate services have participated in this logon request.
	- Package name indicates which sub-protocol was used among the NTLM protocols.
	- Key length indicates the length of the generated session key. This will be 0 if no session key was requested.",4624,3.0,,0.0,12544.0,0.0,-9.21436e+18,651869.0,Microsoft-Windows-Security-Auditing,54849625-5478-4994-a5ba-3e3b0328c30d,Security,1044.0,10320.0,Pallavi,,8/22/2025 10:05,c4ca9b73-111d-0000-28a7-cac41d11dc01,,d:\loganalyzerproject\data\security.evtx,System.UInt32[],System.Diagnostics.Eventing.Reader.EventBookmark,Log Always,?E?,Logon,System.Collections.ObjectModel.ReadOnlyCollection`1[System.String],System.Collections.Generic.List`1[System.Diagnostics.Eventing.Reader.EventProperty],0,2025-08-22 10:05:00
"Key file operation.

Subject:
	Security ID:		S-1-5-21-526676626-1424332610-3041271291-1001
	Account Name:		palla
	Account Domain:		PALLAVI
	Logon ID:		0x9FD690A

Process Information:
	Process ID:		6112
	Process Creation Time:	?2025?-?08?-?22T04:34:47.358213200Z

Cryptographic Parameters:
	Provider Name:	Microsoft Software Key Storage Provider
	Algorithm Name:	ECDSA_P256
	Key Name:	ChromeMetricsTestKey
	Key Type:	User key.

Key File Operation Information:
	File Path:	C:\Users\palla\AppData\Roaming\Microsoft\Crypto\Keys\1e313dfb17707690d41bc1ce552b952a_1696a27e-45fd-491f-b4a2-229b93b8d483
	Operation:	Delete key file.
	Return Code:	0x0",5058,1.0,,0.0,12292.0,0.0,-9.21436e+18,651868.0,Microsoft-Windows-Security-Auditing,54849625-5478-4994-a5ba-3e3b0328c30d,Security,1044.0,1100.0,Pallavi,,8/22/2025 10:04,c4ca9b73-111d-0000-28a7-cac41d11dc01,,d:\loganalyzerproject\data\security.evtx,System.UInt32[],System.Diagnostics.Eventing.Reader.EventBookmark,Log Always,?E?,Other System Events,System.Collections.ObjectModel.ReadOnlyCollection`1[System.String],System.Collections.Generic.List`1[System.Diagnostics.Eventing.Reader.EventProperty],0,2025-08-22 10:04:00
"Key migration operation.

Subject:
	Security ID:		S-1-5-21-526676626-1424332610-3041271291-1001
	Account Name:		palla
	Account Domain:		PALLAVI
	Logon ID:		0x9FD690A

Process Information:
	Process ID:		6112
	Process Creation Time:	?2025?-?08?-?22T04:34:47.358213200Z

Cryptographic Parameters:
	Provider Name:	Microsoft Software Key Storage Provider
	Algorithm Name:	ECDSA_P256
	Key Name:	ChromeMetricsTestKey
	Key Type:	User key.

Additional Information:
	Operation:	Export of persistent cryptographic key.
	Return Code:	0x0",5059,1.0,,0.0,12292.0,0.0,-9.21436e+18,651867.0,Microsoft-Windows-Security-Auditing,54849625-5478-4994-a5ba-3e3b0328c30d,Security,1044.0,1100.0,Pallavi,,8/22/2025 10:04,c4ca9b73-111d-0000-28a7-cac41d11dc01,,d:\loganalyzerproject\data\security.evtx,System.UInt32[],System.Diagnostics.Eventing.Reader.EventBookmark,Log Always,?E?,Other System Events,System.Collections.ObjectModel.ReadOnlyCollection`1[System.String],System.Collections.Generic.List`1[System.Diagnostics.Eventing.Reader.EventProperty],0,2025-08-22 10:04:00
"Cryptographic operation.

Subject:
	Security ID:		S-1-5-21-526676626-1424332610-3041271291-1001
	Account Name:		palla
	Account Domain:		PALLAVI
	Logon ID:		0x9FD690A

Cryptographic Parameters:
	Provider Name:	Microsoft Software Key Storage Provider
	Algorithm Name:	ECDSA_P256
	Key Name:	ChromeMetricsTestKey
	Key Type:	User key.

Cryptographic Operation:
	Operation:	Open Key.
	Return Code:	0x0",5061,0.0,,0.0,12290.0,0.0,-9.21436e+18,651866.0,Microsoft-Windows-Security-Auditing,54849625-5478-4994-a5ba-3e3b0328c30d,Security,1044.0,1100.0,Pallavi,,8/22/2025 10:04,c4ca9b73-111d-0000-28a7-cac41d11dc01,,d:\loganalyzerproject\data\security.evtx,System.UInt32[],System.Diagnostics.Eventing.Reader.EventBookmark,Log Always,?E?,System Integrity,System.Collections.ObjectModel.ReadOnlyCollection`1[System.String],System.Collections.Generic.List`1[System.Diagnostics.Eventing.Reader.EventProperty],0,2025-08-22 10:04:00
"Key file operation.

Subject:
	Security ID:		S-1-5-21-526676626-1424332610-3041271291-1001
	Account Name:		palla
	Account Domain:		PALLAVI
	Logon ID:		0x9FD690A

Process Information:
	Process ID:		6112
	Process Creation Time:	?2025?-?08?-?22T04:34:47.358213200Z

Cryptographic Parameters:
	Provider Name:	Microsoft Software Key Storage Provider
	Algorithm Name:	UNKNOWN
	Key Name:	ChromeMetricsTestKey
	Key Type:	User key.

Key File Operation Information:
	File Path:	C:\Users\palla\AppData\Roaming\Microsoft\Crypto\Keys\1e313dfb17707690d41bc1ce552b952a_1696a27e-45fd-491f-b4a2-229b93b8d483
	Operation:	Read persisted key from file.
	Return Code:	0x0",5058,1.0,,0.0,12292.0,0.0,-9.21436e+18,651865.0,Microsoft-Windows-Security-Auditing,54849625-5478-4994-a5ba-3e3b0328c30d,Security,1044.0,1100.0,Pallavi,,8/22/2025 10:04,c4ca9b73-111d-0000-28a7-cac41d11dc01,,d:\loganalyzerproject\data\security.evtx,System.UInt32[],System.Diagnostics.Eventing.Reader.EventBookmark,Log Always,?E?,Other System Events,System.Collections.ObjectModel.ReadOnlyCollection`1[System.String],System.Collections.Generic.List`1[System.Diagnostics.Eventing.Reader.EventProperty],0,2025-08-22 10:04:00
"Key migration operation.

Subject:
	Security ID:		S-1-5-21-526676626-1424332610-3041271291-1001
	Account Name:		palla
	Account Domain:		PALLAVI
	Logon ID:		0x9FD690A

Process Information:
	Process ID:		6112
	Process Creation Time:	?2025?-?08?-?22T04:34:47.358213200Z

Cryptographic Parameters:
	Provider Name:	Microsoft Software Key Storage Provider
	Algorithm Name:	ECDSA_P256
	Key Name:	ChromeMetricsTestKey
	Key Type:	User key.

Additional Information:
	Operation:	Export of persistent cryptographic key.
	Return Code:	0x0",5059,1.0,,0.0,12292.0,0.0,-9.21436e+18,651864.0,Microsoft-Windows-Security-Auditing,54849625-5478-4994-a5ba-3e3b0328c30d,Security,1044.0,1100.0,Pallavi,,8/22/2025 10:04,c4ca9b73-111d-0000-28a7-cac41d11dc01,,d:\loganalyzerproject\data\security.evtx,System.UInt32[],System.Diagnostics.Eventing.Reader.EventBookmark,Log Always,?E?,Other System Events,System.Collections.ObjectModel.ReadOnlyCollection`1[System.String],System.Collections.Generic.List`1[System.Diagnostics.Eventing.Reader.EventProperty],0,2025-08-22 10:04:00
"Cryptographic operation.

Subject:
	Security ID:		S-1-5-21-526676626-1424332610-3041271291-1001
	Account Name:		palla
	Account Domain:		PALLAVI
	Logon ID:		0x9FD690A

Cryptographic Parameters:
	Provider Name:	Microsoft Software Key Storage Provider
	Algorithm Name:	ECDSA_P256
	Key Name:	ChromeMetricsTestKey
	Key Type:	User key.

Cryptographic Operation:
	Operation:	Create Key.
	Return Code:	0x0",5061,0.0,,0.0,12290.0,0.0,-9.21436e+18,651863.0,Microsoft-Windows-Security-Auditing,54849625-5478-4994-a5ba-3e3b0328c30d,Security,1044.0,1100.0,Pallavi,,8/22/2025 10:04,c4ca9b73-111d-0000-28a7-cac41d11dc01,,d:\loganalyzerproject\data\security.evtx,System.UInt32[],System.Diagnostics.Eventing.Reader.EventBookmark,Log Always,?E?,System Integrity,System.Collections.ObjectModel.ReadOnlyCollection`1[System.String],System.Collections.Generic.List`1[System.Diagnostics.Eventing.Reader.EventProperty],0,2025-08-22 10:04:00
"Key file operation.

Subject:
	Security ID:		S-1-5-21-526676626-1424332610-3041271291-1001
	Account Name:		palla
	Account Domain:		PALLAVI
	Logon ID:		0x9FD690A

Process Information:
	Process ID:		6112
	Process Creation Time:	?2025?-?08?-?22T04:34:47.358213200Z

Cryptographic Parameters:
	Provider Name:	Microsoft Software Key Storage Provider
	Algorithm Name:	ECDSA_P256
	Key Name:	ChromeMetricsTestKey
	Key Type:	User key.

Key File Operation Information:
	File Path:	C:\Users\palla\AppData\Roaming\Microsoft\Crypto\Keys\1e313dfb17707690d41bc1ce552b952a_1696a27e-45fd-491f-b4a2-229b93b8d483
	Operation:	Write persisted key to file.
	Return Code:	0x0",5058,1.0,,0.0,12292.0,0.0,-9.21436e+18,651862.0,Microsoft-Windows-Security-Auditing,54849625-5478-4994-a5ba-3e3b0328c30d,Security,1044.0,1100.0,Pallavi,,8/22/2025 10:04,c4ca9b73-111d-0000-28a7-cac41d11dc01,,d:\loganalyzerproject\data\security.evtx,System.UInt32[],System.Diagnostics.Eventing.Reader.EventBookmark,Log Always,?E?,Other System Events,System.Collections.ObjectModel.ReadOnlyCollection`1[System.String],System.Collections.Generic.List`1[System.Diagnostics.Eventing.Reader.EventProperty],0,2025-08-22 10:04:00
"Special privileges assigned to new logon.

Subject:
	Security ID:		S-1-5-18
	Account Name:		SYSTEM
	Account Domain:		NT AUTHORITY
	Logon ID:		0x3E7

Privileges:		SeAssignPrimaryTokenPrivilege
			SeTcbPrivilege
			SeSecurityPrivilege
			SeTakeOwnershipPrivilege
			SeLoadDriverPrivilege
			SeBackupPrivilege
			SeRestorePrivilege
			SeDebugPrivilege
			SeAuditPrivilege
			SeSystemEnvironmentPrivilege
			SeImpersonatePrivilege
			SeDelegateSessionUserImpersonatePrivilege",4672,0.0,,0.0,12548.0,0.0,-9.21436e+18,651861.0,Microsoft-Windows-Security-Auditing,54849625-5478-4994-a5ba-3e3b0328c30d,Security,1044.0,10320.0,Pallavi,,8/22/2025 10:04,c4ca9b73-111d-0000-28a7-cac41d11dc01,,d:\loganalyzerproject\data\security.evtx,System.UInt32[],System.Diagnostics.Eventing.Reader.EventBookmark,Log Always,?E?,Special Logon,System.Collections.ObjectModel.ReadOnlyCollection`1[System.String],System.Collections.Generic.List`1[System.Diagnostics.Eventing.Reader.EventProperty],0,2025-08-22 10:04:00
"An account was successfully logged on.

Subject:
	Security ID:		S-1-5-18
	Account Name:		PALLAVI$
	Account Domain:		WORKGROUP
	Logon ID:		0x3E7

Logon Information:
	Logon Type:		5
	Restricted Admin Mode:	-
	Remote Credential Guard:	-
	Virtual Account:		No
	Elevated Token:		Yes

Impersonation Level:		Impersonation

New Logon:
	Security ID:		S-1-5-18
	Account Name:		SYSTEM
	Account Domain:		NT AUTHORITY
	Logon ID:		0x3E7
	Linked Logon ID:		0x0
	Network Account Name:	-
	Network Account Domain:	-
	Logon GUID:		{00000000-0000-0000-0000-000000000000}

Process Information:
	Process ID:		0x368
	Process Name:		C:\Windows\System32\services.exe

Network Information:
	Workstation Name:	-
	Source Network Address:	-
	Source Port:		-

Detailed Authentication Information:
	Logon Process:		Advapi  
	Authentication Package:	Negotiate
	Transited Services:	-
	Package Name (NTLM only):	-
	Key Length:		0

This event is generated when a logon session is created. It is generated on the computer that was accessed.

The subject fields indicate the account on the local system which requested the logon. This is most commonly a service such as the Server service, or a local process such as Winlogon.exe or Services.exe.

The logon type field indicates the kind of logon that occurred. The most common types are 2 (interactive) and 3 (network).

The New Logon fields indicate the account for whom the new logon was created, i.e. the account that was logged on.

The network fields indicate where a remote logon request originated. Workstation name is not always available and may be left blank in some cases.

The impersonation level field indicates the extent to which a process in the logon session can impersonate.

The authentication information fields provide detailed information about this specific logon request.
	- Logon GUID is a unique identifier that can be used to correlate this event with a KDC event.
	- Transited services indicate which intermediate services have participated in this logon request.
	- Package name indicates which sub-protocol was used among the NTLM protocols.
	- Key length indicates the length of the generated session key. This will be 0 if no session key was requested.",4624,3.0,,0.0,12544.0,0.0,-9.21436e+18,651860.0,Microsoft-Windows-Security-Auditing,54849625-5478-4994-a5ba-3e3b0328c30d,Security,1044.0,10320.0,Pallavi,,8/22/2025 10:04,c4ca9b73-111d-0000-28a7-cac41d11dc01,,d:\loganalyzerproject\data\security.evtx,System.UInt32[],System.Diagnostics.Eventing.Reader.EventBookmark,Log Always,?E?,Logon,System.Collections.ObjectModel.ReadOnlyCollection`1[System.String],System.Collections.Generic.List`1[System.Diagnostics.Eventing.Reader.EventProperty],0,2025-08-22 10:04:00
"A user's local group membership was enumerated.

Subject:
	Security ID:		S-1-5-18
	Account Name:		PALLAVI$
	Account Domain:		WORKGROUP
	Logon ID:		0x3E7

User:
	Security ID:		S-1-5-21-526676626-1424332610-3041271291-1001
	Account Name:		palla
	Account Domain:		Pallavi

Process Information:
	Process ID:		0x1b30
	Process Name:		C:\Windows\System32\svchost.exe",4798,0.0,,0.0,13824.0,0.0,-9.21436e+18,651859.0,Microsoft-Windows-Security-Auditing,54849625-5478-4994-a5ba-3e3b0328c30d,Security,1044.0,10320.0,Pallavi,,8/22/2025 10:04,c4ca9b73-111d-0000-28a7-cac41d11dc01,,d:\loganalyzerproject\data\security.evtx,System.UInt32[],System.Diagnostics.Eventing.Reader.EventBookmark,Log Always,?E?,User Account Management,System.Collections.ObjectModel.ReadOnlyCollection`1[System.String],System.Collections.Generic.List`1[System.Diagnostics.Eventing.Reader.EventProperty],0,2025-08-22 10:04:00
"A user's local group membership was enumerated.

Subject:
	Security ID:		S-1-5-18
	Account Name:		PALLAVI$
	Account Domain:		WORKGROUP
	Logon ID:		0x3E7

User:
	Security ID:		S-1-5-21-526676626-1424332610-3041271291-501
	Account Name:		Guest
	Account Domain:		Pallavi

Process Information:
	Process ID:		0x1b30
	Process Name:		C:\Windows\System32\svchost.exe",4798,0.0,,0.0,13824.0,0.0,-9.21436e+18,651858.0,Microsoft-Windows-Security-Auditing,54849625-5478-4994-a5ba-3e3b0328c30d,Security,1044.0,10320.0,Pallavi,,8/22/2025 10:04,c4ca9b73-111d-0000-28a7-cac41d11dc01,,d:\loganalyzerproject\data\security.evtx,System.UInt32[],System.Diagnostics.Eventing.Reader.EventBookmark,Log Always,?E?,User Account Management,System.Collections.ObjectModel.ReadOnlyCollection`1[System.String],System.Collections.Generic.List`1[System.Diagnostics.Eventing.Reader.EventProperty],0,2025-08-22 10:04:00
"A user's local group membership was enumerated.

Subject:
	Security ID:		S-1-5-18
	Account Name:		PALLAVI$
	Account Domain:		WORKGROUP
	Logon ID:		0x3E7

User:
	Security ID:		S-1-5-21-526676626-1424332610-3041271291-503
	Account Name:		DefaultAccount
	Account Domain:		Pallavi

Process Information:
	Process ID:		0x1b30
	Process Name:		C:\Windows\System32\svchost.exe",4798,0.0,,0.0,13824.0,0.0,-9.21436e+18,651857.0,Microsoft-Windows-Security-Auditing,54849625-5478-4994-a5ba-3e3b0328c30d,Security,1044.0,10320.0,Pallavi,,8/22/2025 10:04,c4ca9b73-111d-0000-28a7-cac41d11dc01,,d:\loganalyzerproject\data\security.evtx,System.UInt32[],System.Diagnostics.Eventing.Reader.EventBookmark,Log Always,?E?,User Account Management,System.Collections.ObjectModel.ReadOnlyCollection`1[System.String],System.Collections.Generic.List`1[System.Diagnostics.Eventing.Reader.EventProperty],0,2025-08-22 10:04:00
"A user's local group membership was enumerated.

Subject:
	Security ID:		S-1-5-18
	Account Name:		PALLAVI$
	Account Domain:		WORKGROUP
	Logon ID:		0x3E7

User:
	Security ID:		S-1-5-21-526676626-1424332610-3041271291-500
	Account Name:		Administrator
	Account Domain:		Pallavi

Process Information:
	Process ID:		0x1b30
	Process Name:		C:\Windows\System32\svchost.exe",4798,0.0,,0.0,13824.0,0.0,-9.21436e+18,651856.0,Microsoft-Windows-Security-Auditing,54849625-5478-4994-a5ba-3e3b0328c30d,Security,1044.0,10320.0,Pallavi,,8/22/2025 10:04,c4ca9b73-111d-0000-28a7-cac41d11dc01,,d:\loganalyzerproject\data\security.evtx,System.UInt32[],System.Diagnostics.Eventing.Reader.EventBookmark,Log Always,?E?,User Account Management,System.Collections.ObjectModel.ReadOnlyCollection`1[System.String],System.Collections.Generic.List`1[System.Diagnostics.Eventing.Reader.EventProperty],0,2025-08-22 10:04:00
"A user's local group membership was enumerated.

Subject:
	Security ID:		S-1-5-18
	Account Name:		PALLAVI$
	Account Domain:		WORKGROUP
	Logon ID:		0x3E7

User:
	Security ID:		S-1-5-21-526676626-1424332610-3041271291-1001
	Account Name:		palla
	Account Domain:		Pallavi

Process Information:
	Process ID:		0x1b30
	Process Name:		C:\Windows\System32\svchost.exe",4798,0.0,,0.0,13824.0,0.0,-9.21436e+18,651855.0,Microsoft-Windows-Security-Auditing,54849625-5478-4994-a5ba-3e3b0328c30d,Security,1044.0,10320.0,Pallavi,,8/22/2025 10:04,c4ca9b73-111d-0000-28a7-cac41d11dc01,,d:\loganalyzerproject\data\security.evtx,System.UInt32[],System.Diagnostics.Eventing.Reader.EventBookmark,Log Always,?E?,User Account Management,System.Collections.ObjectModel.ReadOnlyCollection`1[System.String],System.Collections.Generic.List`1[System.Diagnostics.Eventing.Reader.EventProperty],0,2025-08-22 10:04:00
"A user's local group membership was enumerated.

Subject:
	Security ID:		S-1-5-18
	Account Name:		PALLAVI$
	Account Domain:		WORKGROUP
	Logon ID:		0x3E7

User:
	Security ID:		S-1-5-21-526676626-1424332610-3041271291-501
	Account Name:		Guest
	Account Domain:		Pallavi

Process Information:
	Process ID:		0x1b30
	Process Name:		C:\Windows\System32\svchost.exe",4798,0.0,,0.0,13824.0,0.0,-9.21436e+18,651854.0,Microsoft-Windows-Security-Auditing,54849625-5478-4994-a5ba-3e3b0328c30d,Security,1044.0,10320.0,Pallavi,,8/22/2025 10:04,c4ca9b73-111d-0000-28a7-cac41d11dc01,,d:\loganalyzerproject\data\security.evtx,System.UInt32[],System.Diagnostics.Eventing.Reader.EventBookmark,Log Always,?E?,User Account Management,System.Collections.ObjectModel.ReadOnlyCollection`1[System.String],System.Collections.Generic.List`1[System.Diagnostics.Eventing.Reader.EventProperty],0,2025-08-22 10:04:00
"A user's local group membership was enumerated.

Subject:
	Security ID:		S-1-5-18
	Account Name:		PALLAVI$
	Account Domain:		WORKGROUP
	Logon ID:		0x3E7

User:
	Security ID:		S-1-5-21-526676626-1424332610-3041271291-503
	Account Name:		DefaultAccount
	Account Domain:		Pallavi

Process Information:
	Process ID:		0x1b30
	Process Name:		C:\Windows\System32\svchost.exe",4798,0.0,,0.0,13824.0,0.0,-9.21436e+18,651853.0,Microsoft-Windows-Security-Auditing,54849625-5478-4994-a5ba-3e3b0328c30d,Security,1044.0,10320.0,Pallavi,,8/22/2025 10:04,c4ca9b73-111d-0000-28a7-cac41d11dc01,,d:\loganalyzerproject\data\security.evtx,System.UInt32[],System.Diagnostics.Eventing.Reader.EventBookmark,Log Always,?E?,User Account Management,System.Collections.ObjectModel.ReadOnlyCollection`1[System.String],System.Collections.Generic.List`1[System.Diagnostics.Eventing.Reader.EventProperty],0,2025-08-22 10:04:00
"A user's local group membership was enumerated.

Subject:
	Security ID:		S-1-5-18
	Account Name:		PALLAVI$
	Account Domain:		WORKGROUP
	Logon ID:		0x3E7

User:
	Security ID:		S-1-5-21-526676626-1424332610-3041271291-500
	Account Name:		Administrator
	Account Domain:		Pallavi

Process Information:
	Process ID:		0x1b30
	Process Name:		C:\Windows\System32\svchost.exe",4798,0.0,,0.0,13824.0,0.0,-9.21436e+18,651852.0,Microsoft-Windows-Security-Auditing,54849625-5478-4994-a5ba-3e3b0328c30d,Security,1044.0,10320.0,Pallavi,,8/22/2025 10:04,c4ca9b73-111d-0000-28a7-cac41d11dc01,,d:\loganalyzerproject\data\security.evtx,System.UInt32[],System.Diagnostics.Eventing.Reader.EventBookmark,Log Always,?E?,User Account Management,System.Collections.ObjectModel.ReadOnlyCollection`1[System.String],System.Collections.Generic.List`1[System.Diagnostics.Eventing.Reader.EventProperty],0,2025-08-22 10:04:00
"A user's local group membership was enumerated.

Subject:
	Security ID:		S-1-5-18
	Account Name:		PALLAVI$
	Account Domain:		WORKGROUP
	Logon ID:		0x3E7

User:
	Security ID:		S-1-5-21-526676626-1424332610-3041271291-1001
	Account Name:		palla
	Account Domain:		Pallavi

Process Information:
	Process ID:		0x1b30
	Process Name:		C:\Windows\System32\svchost.exe",4798,0.0,,0.0,13824.0,0.0,-9.21436e+18,651851.0,Microsoft-Windows-Security-Auditing,54849625-5478-4994-a5ba-3e3b0328c30d,Security,1044.0,8728.0,Pallavi,,8/22/2025 10:04,c4ca9b73-111d-0000-28a7-cac41d11dc01,,d:\loganalyzerproject\data\security.evtx,System.UInt32[],System.Diagnostics.Eventing.Reader.EventBookmark,Log Always,?E?,User Account Management,System.Collections.ObjectModel.ReadOnlyCollection`1[System.String],System.Collections.Generic.List`1[System.Diagnostics.Eventing.Reader.EventProperty],0,2025-08-22 10:04:00
"A user's local group membership was enumerated.

Subject:
	Security ID:		S-1-5-18
	Account Name:		PALLAVI$
	Account Domain:		WORKGROUP
	Logon ID:		0x3E7

User:
	Security ID:		S-1-5-21-526676626-1424332610-3041271291-501
	Account Name:		Guest
	Account Domain:		Pallavi

Process Information:
	Process ID:		0x1b30
	Process Name:		C:\Windows\System32\svchost.exe",4798,0.0,,0.0,13824.0,0.0,-9.21436e+18,651850.0,Microsoft-Windows-Security-Auditing,54849625-5478-4994-a5ba-3e3b0328c30d,Security,1044.0,8728.0,Pallavi,,8/22/2025 10:04,c4ca9b73-111d-0000-28a7-cac41d11dc01,,d:\loganalyzerproject\data\security.evtx,System.UInt32[],System.Diagnostics.Eventing.Reader.EventBookmark,Log Always,?E?,User Account Management,System.Collections.ObjectModel.ReadOnlyCollection`1[System.String],System.Collections.Generic.List`1[System.Diagnostics.Eventing.Reader.EventProperty],0,2025-08-22 10:04:00
"A user's local group membership was enumerated.

Subject:
	Security ID:		S-1-5-18
	Account Name:		PALLAVI$
	Account Domain:		WORKGROUP
	Logon ID:		0x3E7

User:
	Security ID:		S-1-5-21-526676626-1424332610-3041271291-503
	Account Name:		DefaultAccount
	Account Domain:		Pallavi

Process Information:
	Process ID:		0x1b30
	Process Name:		C:\Windows\System32\svchost.exe",4798,0.0,,0.0,13824.0,0.0,-9.21436e+18,651849.0,Microsoft-Windows-Security-Auditing,54849625-5478-4994-a5ba-3e3b0328c30d,Security,1044.0,8728.0,Pallavi,,8/22/2025 10:04,c4ca9b73-111d-0000-28a7-cac41d11dc01,,d:\loganalyzerproject\data\security.evtx,System.UInt32[],System.Diagnostics.Eventing.Reader.EventBookmark,Log Always,?E?,User Account Management,System.Collections.ObjectModel.ReadOnlyCollection`1[System.String],System.Collections.Generic.List`1[System.Diagnostics.Eventing.Reader.EventProperty],0,2025-08-22 10:04:00
"A user's local group membership was enumerated.

Subject:
	Security ID:		S-1-5-18
	Account Name:		PALLAVI$
	Account Domain:		WORKGROUP
	Logon ID:		0x3E7

User:
	Security ID:		S-1-5-21-526676626-1424332610-3041271291-500
	Account Name:		Administrator
	Account Domain:		Pallavi

Process Information:
	Process ID:		0x1b30
	Process Name:		C:\Windows\System32\svchost.exe",4798,0.0,,0.0,13824.0,0.0,-9.21436e+18,651848.0,Microsoft-Windows-Security-Auditing,54849625-5478-4994-a5ba-3e3b0328c30d,Security,1044.0,8728.0,Pallavi,,8/22/2025 10:04,c4ca9b73-111d-0000-28a7-cac41d11dc01,,d:\loganalyzerproject\data\security.evtx,System.UInt32[],System.Diagnostics.Eventing.Reader.EventBookmark,Log Always,?E?,User Account Management,System.Collections.ObjectModel.ReadOnlyCollection`1[System.String],System.Collections.Generic.List`1[System.Diagnostics.Eventing.Reader.EventProperty],0,2025-08-22 10:04:00
"A user's local group membership was enumerated.

Subject:
	Security ID:		S-1-5-18
	Account Name:		PALLAVI$
	Account Domain:		WORKGROUP
	Logon ID:		0x3E7

User:
	Security ID:		S-1-5-21-526676626-1424332610-3041271291-1001
	Account Name:		palla
	Account Domain:		Pallavi

Process Information:
	Process ID:		0x1b30
	Process Name:		C:\Windows\System32\svchost.exe",4798,0.0,,0.0,13824.0,0.0,-9.21436e+18,651847.0,Microsoft-Windows-Security-Auditing,54849625-5478-4994-a5ba-3e3b0328c30d,Security,1044.0,8728.0,Pallavi,,8/22/2025 10:04,c4ca9b73-111d-0000-28a7-cac41d11dc01,,d:\loganalyzerproject\data\security.evtx,System.UInt32[],System.Diagnostics.Eventing.Reader.EventBookmark,Log Always,?E?,User Account Management,System.Collections.ObjectModel.ReadOnlyCollection`1[System.String],System.Collections.Generic.List`1[System.Diagnostics.Eventing.Reader.EventProperty],0,2025-08-22 10:04:00
"A user's local group membership was enumerated.

Subject:
	Security ID:		S-1-5-18
	Account Name:		PALLAVI$
	Account Domain:		WORKGROUP
	Logon ID:		0x3E7

User:
	Security ID:		S-1-5-21-526676626-1424332610-3041271291-501
	Account Name:		Guest
	Account Domain:		Pallavi

Process Information:
	Process ID:		0x1b30
	Process Name:		C:\Windows\System32\svchost.exe",4798,0.0,,0.0,13824.0,0.0,-9.21436e+18,651846.0,Microsoft-Windows-Security-Auditing,54849625-5478-4994-a5ba-3e3b0328c30d,Security,1044.0,8728.0,Pallavi,,8/22/2025 10:04,c4ca9b73-111d-0000-28a7-cac41d11dc01,,d:\loganalyzerproject\data\security.evtx,System.UInt32[],System.Diagnostics.Eventing.Reader.EventBookmark,Log Always,?E?,User Account Management,System.Collections.ObjectModel.ReadOnlyCollection`1[System.String],System.Collections.Generic.List`1[System.Diagnostics.Eventing.Reader.EventProperty],0,2025-08-22 10:04:00
"A user's local group membership was enumerated.

Subject:
	Security ID:		S-1-5-18
	Account Name:		PALLAVI$
	Account Domain:		WORKGROUP
	Logon ID:		0x3E7

User:
	Security ID:		S-1-5-21-526676626-1424332610-3041271291-503
	Account Name:		DefaultAccount
	Account Domain:		Pallavi

Process Information:
	Process ID:		0x1b30
	Process Name:		C:\Windows\System32\svchost.exe",4798,0.0,,0.0,13824.0,0.0,-9.21436e+18,651845.0,Microsoft-Windows-Security-Auditing,54849625-5478-4994-a5ba-3e3b0328c30d,Security,1044.0,8728.0,Pallavi,,8/22/2025 10:04,c4ca9b73-111d-0000-28a7-cac41d11dc01,,d:\loganalyzerproject\data\security.evtx,System.UInt32[],System.Diagnostics.Eventing.Reader.EventBookmark,Log Always,?E?,User Account Management,System.Collections.ObjectModel.ReadOnlyCollection`1[System.String],System.Collections.Generic.List`1[System.Diagnostics.Eventing.Reader.EventProperty],0,2025-08-22 10:04:00
"A user's local group membership was enumerated.

Subject:
	Security ID:		S-1-5-18
	Account Name:		PALLAVI$
	Account Domain:		WORKGROUP
	Logon ID:		0x3E7

User:
	Security ID:		S-1-5-21-526676626-1424332610-3041271291-500
	Account Name:		Administrator
	Account Domain:		Pallavi

Process Information:
	Process ID:		0x1b30
	Process Name:		C:\Windows\System32\svchost.exe",4798,0.0,,0.0,13824.0,0.0,-9.21436e+18,651844.0,Microsoft-Windows-Security-Auditing,54849625-5478-4994-a5ba-3e3b0328c30d,Security,1044.0,8728.0,Pallavi,,8/22/2025 10:04,c4ca9b73-111d-0000-28a7-cac41d11dc01,,d:\loganalyzerproject\data\security.evtx,System.UInt32[],System.Diagnostics.Eventing.Reader.EventBookmark,Log Always,?E?,User Account Management,System.Collections.ObjectModel.ReadOnlyCollection`1[System.String],System.Collections.Generic.List`1[System.Diagnostics.Eventing.Reader.EventProperty],0,2025-08-22 10:04:00
"A user's local group membership was enumerated.

Subject:
	Security ID:		S-1-5-18
	Account Name:		PALLAVI$
	Account Domain:		WORKGROUP
	Logon ID:		0x3E7

User:
	Security ID:		S-1-5-21-526676626-1424332610-3041271291-1001
	Account Name:		palla
	Account Domain:		Pallavi

Process Information:
	Process ID:		0x1b30
	Process Name:		C:\Windows\System32\svchost.exe",4798,0.0,,0.0,13824.0,0.0,-9.21436e+18,651843.0,Microsoft-Windows-Security-Auditing,54849625-5478-4994-a5ba-3e3b0328c30d,Security,1044.0,10320.0,Pallavi,,8/22/2025 10:02,c4ca9b73-111d-0000-28a7-cac41d11dc01,,d:\loganalyzerproject\data\security.evtx,System.UInt32[],System.Diagnostics.Eventing.Reader.EventBookmark,Log Always,?E?,User Account Management,System.Collections.ObjectModel.ReadOnlyCollection`1[System.String],System.Collections.Generic.List`1[System.Diagnostics.Eventing.Reader.EventProperty],0,2025-08-22 10:02:00
"A user's local group membership was enumerated.

Subject:
	Security ID:		S-1-5-18
	Account Name:		PALLAVI$
	Account Domain:		WORKGROUP
	Logon ID:		0x3E7

User:
	Security ID:		S-1-5-21-526676626-1424332610-3041271291-501
	Account Name:		Guest
	Account Domain:		Pallavi

Process Information:
	Process ID:		0x1b30
	Process Name:		C:\Windows\System32\svchost.exe",4798,0.0,,0.0,13824.0,0.0,-9.21436e+18,651842.0,Microsoft-Windows-Security-Auditing,54849625-5478-4994-a5ba-3e3b0328c30d,Security,1044.0,10320.0,Pallavi,,8/22/2025 10:02,c4ca9b73-111d-0000-28a7-cac41d11dc01,,d:\loganalyzerproject\data\security.evtx,System.UInt32[],System.Diagnostics.Eventing.Reader.EventBookmark,Log Always,?E?,User Account Management,System.Collections.ObjectModel.ReadOnlyCollection`1[System.String],System.Collections.Generic.List`1[System.Diagnostics.Eventing.Reader.EventProperty],0,2025-08-22 10:02:00
"A user's local group membership was enumerated.

Subject:
	Security ID:		S-1-5-18
	Account Name:		PALLAVI$
	Account Domain:		WORKGROUP
	Logon ID:		0x3E7

User:
	Security ID:		S-1-5-21-526676626-1424332610-3041271291-503
	Account Name:		DefaultAccount
	Account Domain:		Pallavi

Process Information:
	Process ID:		0x1b30
	Process Name:		C:\Windows\System32\svchost.exe",4798,0.0,,0.0,13824.0,0.0,-9.21436e+18,651841.0,Microsoft-Windows-Security-Auditing,54849625-5478-4994-a5ba-3e3b0328c30d,Security,1044.0,10320.0,Pallavi,,8/22/2025 10:02,c4ca9b73-111d-0000-28a7-cac41d11dc01,,d:\loganalyzerproject\data\security.evtx,System.UInt32[],System.Diagnostics.Eventing.Reader.EventBookmark,Log Always,?E?,User Account Management,System.Collections.ObjectModel.ReadOnlyCollection`1[System.String],System.Collections.Generic.List`1[System.Diagnostics.Eventing.Reader.EventProperty],0,2025-08-22 10:02:00
"A user's local group membership was enumerated.

Subject:
	Security ID:		S-1-5-18
	Account Name:		PALLAVI$
	Account Domain:		WORKGROUP
	Logon ID:		0x3E7

User:
	Security ID:		S-1-5-21-526676626-1424332610-3041271291-500
	Account Name:		Administrator
	Account Domain:		Pallavi

Process Information:
	Process ID:		0x1b30
	Process Name:		C:\Windows\System32\svchost.exe",4798,0.0,,0.0,13824.0,0.0,-9.21436e+18,651840.0,Microsoft-Windows-Security-Auditing,54849625-5478-4994-a5ba-3e3b0328c30d,Security,1044.0,10320.0,Pallavi,,8/22/2025 10:02,c4ca9b73-111d-0000-28a7-cac41d11dc01,,d:\loganalyzerproject\data\security.evtx,System.UInt32[],System.Diagnostics.Eventing.Reader.EventBookmark,Log Always,?E?,User Account Management,System.Collections.ObjectModel.ReadOnlyCollection`1[System.String],System.Collections.Generic.List`1[System.Diagnostics.Eventing.Reader.EventProperty],0,2025-08-22 10:02:00
"A user's local group membership was enumerated.

Subject:
	Security ID:		S-1-5-18
	Account Name:		PALLAVI$
	Account Domain:		WORKGROUP
	Logon ID:		0x3E7

User:
	Security ID:		S-1-5-21-526676626-1424332610-3041271291-1001
	Account Name:		palla
	Account Domain:		Pallavi

Process Information:
	Process ID:		0x1b30
	Process Name:		C:\Windows\System32\svchost.exe",4798,0.0,,0.0,13824.0,0.0,-9.21436e+18,651839.0,Microsoft-Windows-Security-Auditing,54849625-5478-4994-a5ba-3e3b0328c30d,Security,1044.0,1100.0,Pallavi,,8/22/2025 10:02,c4ca9b73-111d-0000-28a7-cac41d11dc01,,d:\loganalyzerproject\data\security.evtx,System.UInt32[],System.Diagnostics.Eventing.Reader.EventBookmark,Log Always,?E?,User Account Management,System.Collections.ObjectModel.ReadOnlyCollection`1[System.String],System.Collections.Generic.List`1[System.Diagnostics.Eventing.Reader.EventProperty],0,2025-08-22 10:02:00
"A user's local group membership was enumerated.

Subject:
	Security ID:		S-1-5-18
	Account Name:		PALLAVI$
	Account Domain:		WORKGROUP
	Logon ID:		0x3E7

User:
	Security ID:		S-1-5-21-526676626-1424332610-3041271291-501
	Account Name:		Guest
	Account Domain:		Pallavi

Process Information:
	Process ID:		0x1b30
	Process Name:		C:\Windows\System32\svchost.exe",4798,0.0,,0.0,13824.0,0.0,-9.21436e+18,651838.0,Microsoft-Windows-Security-Auditing,54849625-5478-4994-a5ba-3e3b0328c30d,Security,1044.0,1100.0,Pallavi,,8/22/2025 10:02,c4ca9b73-111d-0000-28a7-cac41d11dc01,,d:\loganalyzerproject\data\security.evtx,System.UInt32[],System.Diagnostics.Eventing.Reader.EventBookmark,Log Always,?E?,User Account Management,System.Collections.ObjectModel.ReadOnlyCollection`1[System.String],System.Collections.Generic.List`1[System.Diagnostics.Eventing.Reader.EventProperty],0,2025-08-22 10:02:00
"A user's local group membership was enumerated.

Subject:
	Security ID:		S-1-5-18
	Account Name:		PALLAVI$
	Account Domain:		WORKGROUP
	Logon ID:		0x3E7

User:
	Security ID:		S-1-5-21-526676626-1424332610-3041271291-503
	Account Name:		DefaultAccount
	Account Domain:		Pallavi

Process Information:
	Process ID:		0x1b30
	Process Name:		C:\Windows\System32\svchost.exe",4798,0.0,,0.0,13824.0,0.0,-9.21436e+18,651837.0,Microsoft-Windows-Security-Auditing,54849625-5478-4994-a5ba-3e3b0328c30d,Security,1044.0,1100.0,Pallavi,,8/22/2025 10:02,c4ca9b73-111d-0000-28a7-cac41d11dc01,,d:\loganalyzerproject\data\security.evtx,System.UInt32[],System.Diagnostics.Eventing.Reader.EventBookmark,Log Always,?E?,User Account Management,System.Collections.ObjectModel.ReadOnlyCollection`1[System.String],System.Collections.Generic.List`1[System.Diagnostics.Eventing.Reader.EventProperty],0,2025-08-22 10:02:00
"A user's local group membership was enumerated.

Subject:
	Security ID:		S-1-5-18
	Account Name:		PALLAVI$
	Account Domain:		WORKGROUP
	Logon ID:		0x3E7

User:
	Security ID:		S-1-5-21-526676626-1424332610-3041271291-500
	Account Name:		Administrator
	Account Domain:		Pallavi

Process Information:
	Process ID:		0x1b30
	Process Name:		C:\Windows\System32\svchost.exe",4798,0.0,,0.0,13824.0,0.0,-9.21436e+18,651836.0,Microsoft-Windows-Security-Auditing,54849625-5478-4994-a5ba-3e3b0328c30d,Security,1044.0,1100.0,Pallavi,,8/22/2025 10:02,c4ca9b73-111d-0000-28a7-cac41d11dc01,,d:\loganalyzerproject\data\security.evtx,System.UInt32[],System.Diagnostics.Eventing.Reader.EventBookmark,Log Always,?E?,User Account Management,System.Collections.ObjectModel.ReadOnlyCollection`1[System.String],System.Collections.Generic.List`1[System.Diagnostics.Eventing.Reader.EventProperty],0,2025-08-22 10:02:00
"Credential Manager credentials were read.

Subject:
	Security ID:		S-1-5-21-526676626-1424332610-3041271291-1001
	Account Name:		palla
	Account Domain:		PALLAVI
	Logon ID:		0x9FD690A
	Read Operation:		Enumerate Credentials

This event occurs when a user performs a read operation on stored credentials in Credential Manager.",5379,0.0,,0.0,13824.0,0.0,-9.21436e+18,651835.0,Microsoft-Windows-Security-Auditing,54849625-5478-4994-a5ba-3e3b0328c30d,Security,1044.0,10320.0,Pallavi,,8/22/2025 10:02,c4ca9b73-111d-0000-28a7-cac41d11dc01,,d:\loganalyzerproject\data\security.evtx,System.UInt32[],System.Diagnostics.Eventing.Reader.EventBookmark,Log Always,,User Account Management,System.Collections.ObjectModel.ReadOnlyCollection`1[System.String],System.Collections.Generic.List`1[System.Diagnostics.Eventing.Reader.EventProperty],0,2025-08-22 10:02:00
"Credential Manager credentials were read.

Subject:
	Security ID:		S-1-5-21-526676626-1424332610-3041271291-1001
	Account Name:		palla
	Account Domain:		PALLAVI
	Logon ID:		0x9FD690A
	Read Operation:		Enumerate Credentials

This event occurs when a user performs a read operation on stored credentials in Credential Manager.",5379,0.0,,0.0,13824.0,0.0,-9.21436e+18,651834.0,Microsoft-Windows-Security-Auditing,54849625-5478-4994-a5ba-3e3b0328c30d,Security,1044.0,10320.0,Pallavi,,8/22/2025 10:02,c4ca9b73-111d-0000-28a7-cac41d11dc01,,d:\loganalyzerproject\data\security.evtx,System.UInt32[],System.Diagnostics.Eventing.Reader.EventBookmark,Log Always,?E?,User Account Management,System.Collections.ObjectModel.ReadOnlyCollection`1[System.String],System.Collections.Generic.List`1[System.Diagnostics.Eventing.Reader.EventProperty],0,2025-08-22 10:02:00
"Credential Manager credentials were read.

Subject:
	Security ID:		S-1-5-21-526676626-1424332610-3041271291-1001
	Account Name:		palla
	Account Domain:		PALLAVI
	Logon ID:		0x9FD690A
	Read Operation:		Enumerate Credentials

This event occurs when a user performs a read operation on stored credentials in Credential Manager.",5379,0.0,,0.0,13824.0,0.0,-9.21436e+18,651833.0,Microsoft-Windows-Security-Auditing,54849625-5478-4994-a5ba-3e3b0328c30d,Security,1044.0,10320.0,Pallavi,,8/22/2025 10:02,c4ca9b73-111d-0000-28a7-cac41d11dc01,,d:\loganalyzerproject\data\security.evtx,System.UInt32[],System.Diagnostics.Eventing.Reader.EventBookmark,Log Always,?E?,User Account Management,System.Collections.ObjectModel.ReadOnlyCollection`1[System.String],System.Collections.Generic.List`1[System.Diagnostics.Eventing.Reader.EventProperty],0,2025-08-22 10:02:00
"Credential Manager credentials were read.

Subject:
	Security ID:		S-1-5-21-526676626-1424332610-3041271291-1001
	Account Name:		palla
	Account Domain:		PALLAVI
	Logon ID:		0x9FD690A
	Read Operation:		Enumerate Credentials

This event occurs when a user performs a read operation on stored credentials in Credential Manager.",5379,0.0,,0.0,13824.0,0.0,-9.21436e+18,651832.0,Microsoft-Windows-Security-Auditing,54849625-5478-4994-a5ba-3e3b0328c30d,Security,1044.0,1100.0,Pallavi,,8/22/2025 10:02,c4ca9b73-111d-0000-28a7-cac41d11dc01,,d:\loganalyzerproject\data\security.evtx,System.UInt32[],System.Diagnostics.Eventing.Reader.EventBookmark,Log Always,?E?,User Account Management,System.Collections.ObjectModel.ReadOnlyCollection`1[System.String],System.Collections.Generic.List`1[System.Diagnostics.Eventing.Reader.EventProperty],0,2025-08-22 10:02:00
"Credential Manager credentials were read.

Subject:
	Security ID:		S-1-5-21-526676626-1424332610-3041271291-1001
	Account Name:		palla
	Account Domain:		PALLAVI
	Logon ID:		0x9FD690A
	Read Operation:		Enumerate Credentials

This event occurs when a user performs a read operation on stored credentials in Credential Manager.",5379,0.0,,0.0,13824.0,0.0,-9.21436e+18,651831.0,Microsoft-Windows-Security-Auditing,54849625-5478-4994-a5ba-3e3b0328c30d,Security,1044.0,10320.0,Pallavi,,8/22/2025 10:02,c4ca9b73-111d-0000-28a7-cac41d11dc01,,d:\loganalyzerproject\data\security.evtx,System.UInt32[],System.Diagnostics.Eventing.Reader.EventBookmark,Log Always,?E?,User Account Management,System.Collections.ObjectModel.ReadOnlyCollection`1[System.String],System.Collections.Generic.List`1[System.Diagnostics.Eventing.Reader.EventProperty],0,2025-08-22 10:02:00
"Credential Manager credentials were read.

Subject:
	Security ID:		S-1-5-21-526676626-1424332610-3041271291-1001
	Account Name:		palla
	Account Domain:		PALLAVI
	Logon ID:		0x9FD690A
	Read Operation:		Enumerate Credentials

This event occurs when a user performs a read operation on stored credentials in Credential Manager.",5379,0.0,,0.0,13824.0,0.0,-9.21436e+18,651830.0,Microsoft-Windows-Security-Auditing,54849625-5478-4994-a5ba-3e3b0328c30d,Security,1044.0,1100.0,Pallavi,,8/22/2025 10:02,c4ca9b73-111d-0000-28a7-cac41d11dc01,,d:\loganalyzerproject\data\security.evtx,System.UInt32[],System.Diagnostics.Eventing.Reader.EventBookmark,Log Always,?E?,User Account Management,System.Collections.ObjectModel.ReadOnlyCollection`1[System.String],System.Collections.Generic.List`1[System.Diagnostics.Eventing.Reader.EventProperty],0,2025-08-22 10:02:00
"Credential Manager credentials were read.

Subject:
	Security ID:		S-1-5-21-526676626-1424332610-3041271291-1001
	Account Name:		palla
	Account Domain:		PALLAVI
	Logon ID:		0x9FD690A
	Read Operation:		Enumerate Credentials

This event occurs when a user performs a read operation on stored credentials in Credential Manager.",5379,0.0,,0.0,13824.0,0.0,-9.21436e+18,651829.0,Microsoft-Windows-Security-Auditing,54849625-5478-4994-a5ba-3e3b0328c30d,Security,1044.0,10320.0,Pallavi,,8/22/2025 10:02,c4ca9b73-111d-0000-28a7-cac41d11dc01,,d:\loganalyzerproject\data\security.evtx,System.UInt32[],System.Diagnostics.Eventing.Reader.EventBookmark,Log Always,?E?,User Account Management,System.Collections.ObjectModel.ReadOnlyCollection`1[System.String],System.Collections.Generic.List`1[System.Diagnostics.Eventing.Reader.EventProperty],0,2025-08-22 10:02:00
"Credential Manager credentials were read.

Subject:
	Security ID:		S-1-5-21-526676626-1424332610-3041271291-1001
	Account Name:		palla
	Account Domain:		PALLAVI
	Logon ID:		0x9FD690A
	Read Operation:		Enumerate Credentials

This event occurs when a user performs a read operation on stored credentials in Credential Manager.",5379,0.0,,0.0,13824.0,0.0,-9.21436e+18,651828.0,Microsoft-Windows-Security-Auditing,54849625-5478-4994-a5ba-3e3b0328c30d,Security,1044.0,1100.0,Pallavi,,8/22/2025 10:02,c4ca9b73-111d-0000-28a7-cac41d11dc01,,d:\loganalyzerproject\data\security.evtx,System.UInt32[],System.Diagnostics.Eventing.Reader.EventBookmark,Log Always,?E?,User Account Management,System.Collections.ObjectModel.ReadOnlyCollection`1[System.String],System.Collections.Generic.List`1[System.Diagnostics.Eventing.Reader.EventProperty],0,2025-08-22 10:02:00
"Credential Manager credentials were read.

Subject:
	Security ID:		S-1-5-21-526676626-1424332610-3041271291-1001
	Account Name:		palla
	Account Domain:		PALLAVI
	Logon ID:		0x9FD690A
	Read Operation:		Enumerate Credentials

This event occurs when a user performs a read operation on stored credentials in Credential Manager.",5379,0.0,,0.0,13824.0,0.0,-9.21436e+18,651827.0,Microsoft-Windows-Security-Auditing,54849625-5478-4994-a5ba-3e3b0328c30d,Security,1044.0,1100.0,Pallavi,,8/22/2025 10:02,c4ca9b73-111d-0000-28a7-cac41d11dc01,,d:\loganalyzerproject\data\security.evtx,System.UInt32[],System.Diagnostics.Eventing.Reader.EventBookmark,Log Always,?E?,User Account Management,System.Collections.ObjectModel.ReadOnlyCollection`1[System.String],System.Collections.Generic.List`1[System.Diagnostics.Eventing.Reader.EventProperty],0,2025-08-22 10:02:00
"Credential Manager credentials were read.

Subject:
	Security ID:		S-1-5-21-526676626-1424332610-3041271291-1001
	Account Name:		palla
	Account Domain:		PALLAVI
	Logon ID:		0x9FD690A
	Read Operation:		Enumerate Credentials

This event occurs when a user performs a read operation on stored credentials in Credential Manager.",5379,0.0,,0.0,13824.0,0.0,-9.21436e+18,651826.0,Microsoft-Windows-Security-Auditing,54849625-5478-4994-a5ba-3e3b0328c30d,Security,1044.0,10320.0,Pallavi,,8/22/2025 10:02,c4ca9b73-111d-0000-28a7-cac41d11dc01,,d:\loganalyzerproject\data\security.evtx,System.UInt32[],System.Diagnostics.Eventing.Reader.EventBookmark,Log Always,?E?,User Account Management,System.Collections.ObjectModel.ReadOnlyCollection`1[System.String],System.Collections.Generic.List`1[System.Diagnostics.Eventing.Reader.EventProperty],0,2025-08-22 10:02:00
"Credential Manager credentials were read.

Subject:
	Security ID:		S-1-5-21-526676626-1424332610-3041271291-1001
	Account Name:		palla
	Account Domain:		PALLAVI
	Logon ID:		0x9FD690A
	Read Operation:		Enumerate Credentials

This event occurs when a user performs a read operation on stored credentials in Credential Manager.",5379,0.0,,0.0,13824.0,0.0,-9.21436e+18,651825.0,Microsoft-Windows-Security-Auditing,54849625-5478-4994-a5ba-3e3b0328c30d,Security,1044.0,10320.0,Pallavi,,8/22/2025 10:02,c4ca9b73-111d-0000-28a7-cac41d11dc01,,d:\loganalyzerproject\data\security.evtx,System.UInt32[],System.Diagnostics.Eventing.Reader.EventBookmark,Log Always,?E?,User Account Management,System.Collections.ObjectModel.ReadOnlyCollection`1[System.String],System.Collections.Generic.List`1[System.Diagnostics.Eventing.Reader.EventProperty],0,2025-08-22 10:02:00
"Credential Manager credentials were read.

Subject:
	Security ID:		S-1-5-21-526676626-1424332610-3041271291-1001
	Account Name:		palla
	Account Domain:		PALLAVI
	Logon ID:		0x9FD690A
	Read Operation:		Enumerate Credentials

This event occurs when a user performs a read operation on stored credentials in Credential Manager.",5379,0.0,,0.0,13824.0,0.0,-9.21436e+18,651824.0,Microsoft-Windows-Security-Auditing,54849625-5478-4994-a5ba-3e3b0328c30d,Security,1044.0,1100.0,Pallavi,,8/22/2025 10:02,c4ca9b73-111d-0000-28a7-cac41d11dc01,,d:\loganalyzerproject\data\security.evtx,System.UInt32[],System.Diagnostics.Eventing.Reader.EventBookmark,Log Always,?E?,User Account Management,System.Collections.ObjectModel.ReadOnlyCollection`1[System.String],System.Collections.Generic.List`1[System.Diagnostics.Eventing.Reader.EventProperty],0,2025-08-22 10:02:00
"Credential Manager credentials were read.

Subject:
	Security ID:		S-1-5-21-526676626-1424332610-3041271291-1001
	Account Name:		palla
	Account Domain:		PALLAVI
	Logon ID:		0x9FD690A
	Read Operation:		Enumerate Credentials

This event occurs when a user performs a read operation on stored credentials in Credential Manager.",5379,0.0,,0.0,13824.0,0.0,-9.21436e+18,651823.0,Microsoft-Windows-Security-Auditing,54849625-5478-4994-a5ba-3e3b0328c30d,Security,1044.0,10320.0,Pallavi,,8/22/2025 10:02,c4ca9b73-111d-0000-28a7-cac41d11dc01,,d:\loganalyzerproject\data\security.evtx,System.UInt32[],System.Diagnostics.Eventing.Reader.EventBookmark,Log Always,?E?,User Account Management,System.Collections.ObjectModel.ReadOnlyCollection`1[System.String],System.Collections.Generic.List`1[System.Diagnostics.Eventing.Reader.EventProperty],0,2025-08-22 10:02:00
"Credential Manager credentials were read.

