Subject:
	Security ID:		S-1-5-21-526676626-1424332610-3041271291-1001
	Account Name:		palla
	Account Domain:		PALLAVI
	Logon ID:		0x9FD690A

Additional Information:
	Caller Workstation:	PALLAVI
	Target Account Name:	WsiAccount
	Target Account Domain:	Pallavi",4797,0.0,,0.0,13824.0,0.0,-9.21436e+18,652577.0,Microsoft-Windows-Security-Auditing,54849625-5478-4994-a5ba-3e3b0328c30d,Security,1044.0,1100.0,Pallavi,,8/22/2025 10:23,c4ca9b73-111d-0000-28a7-cac41d11dc01,,d:\loganalyzerproject\data\security.evtx,System.UInt32[],System.Diagnostics.Eventing.Reader.EventBookmark,Log Always,?E?,User Account Management,System.Collections.ObjectModel.ReadOnlyCollection`1[System.String],System.Collections.Generic.List`1[System.Diagnostics.Eventing.Reader.EventProperty],0,2025-08-22 10:23:00
"An attempt was made to query the existence of a blank password for an account.

Subject:
	Security ID:		S-1-5-21-526676626-1424332610-3041271291-1001
	Account Name:		palla
	Account Domain:		PALLAVI
	Logon ID:		0x9FD690A

Additional Information:
	Caller Workstation:	PALLAVI
	Target Account Name:	WDAGUtilityAccount
	Target Account Domain:	Pallavi",4797,0.0,,0.0,13824.0,0.0,-9.21436e+18,652576.0,Microsoft-Windows-Security-Auditing,54849625-5478-4994-a5ba-3e3b0328c30d,Security,1044.0,1100.0,Pallavi,,8/22/2025 10:23,c4ca9b73-111d-0000-28a7-cac41d11dc01,,d:\loganalyzerproject\data\security.evtx,System.UInt32[],System.Diagnostics.Eventing.Reader.EventBookmark,Log Always,?E?,User Account Management,System.Collections.ObjectModel.ReadOnlyCollection`1[System.String],System.Collections.Generic.List`1[System.Diagnostics.Eventing.Reader.EventProperty],0,2025-08-22 10:23:00
"An attempt was made to query the existence of a blank password for an account.

Subject:
	Security ID:		S-1-5-21-526676626-1424332610-3041271291-1001
	Account Name:		palla
	Account Domain:		PALLAVI
	Logon ID:		0x9FD690A

Additional Information:
	Caller Workstation:	PALLAVI
	Target Account Name:	Guest
	Target Account Domain:	Pallavi",4797,0.0,,0.0,13824.0,0.0,-9.21436e+18,652575.0,Microsoft-Windows-Security-Auditing,54849625-5478-4994-a5ba-3e3b0328c30d,Security,1044.0,17800.0,Pallavi,,8/22/2025 10:23,c4ca9b73-111d-0000-28a7-cac41d11dc01,,d:\loganalyzerproject\data\security.evtx,System.UInt32[],System.Diagnostics.Eventing.Reader.EventBookmark,Log Always,?E?,User Account Management,System.Collections.ObjectModel.ReadOnlyCollection`1[System.String],System.Collections.Generic.List`1[System.Diagnostics.Eventing.Reader.EventProperty],0,2025-08-22 10:23:00
"An attempt was made to query the existence of a blank password for an account.

Subject:
	Security ID:		S-1-5-21-526676626-1424332610-3041271291-1001
	Account Name:		palla
	Account Domain:		PALLAVI
	Logon ID:		0x9FD690A

Additional Information:
	Caller Workstation:	PALLAVI
	Target Account Name:	DefaultAccount
	Target Account Domain:	Pallavi",4797,0.0,,0.0,13824.0,0.0,-9.21436e+18,652574.0,Microsoft-Windows-Security-Auditing,54849625-5478-4994-a5ba-3e3b0328c30d,Security,1044.0,17800.0,Pallavi,,8/22/2025 10:23,c4ca9b73-111d-0000-28a7-cac41d11dc01,,d:\loganalyzerproject\data\security.evtx,System.UInt32[],System.Diagnostics.Eventing.Reader.EventBookmark,Log Always,?E?,User Account Management,System.Collections.ObjectModel.ReadOnlyCollection`1[System.String],System.Collections.Generic.List`1[System.Diagnostics.Eventing.Reader.EventProperty],0,2025-08-22 10:23:00
"An attempt was made to query the existence of a blank password for an account.

Subject:
	Security ID:		S-1-5-21-526676626-1424332610-3041271291-1001
	Account Name:		palla
	Account Domain:		PALLAVI
	Logon ID:		0x9FD690A

Additional Information:
	Caller Workstation:	PALLAVI
	Target Account Name:	Administrator
	Target Account Domain:	Pallavi",4797,0.0,,0.0,13824.0,0.0,-9.21436e+18,652573.0,Microsoft-Windows-Security-Auditing,54849625-5478-4994-a5ba-3e3b0328c30d,Security,1044.0,17800.0,Pallavi,,8/22/2025 10:23,c4ca9b73-111d-0000-28a7-cac41d11dc01,,d:\loganalyzerproject\data\security.evtx,System.UInt32[],System.Diagnostics.Eventing.Reader.EventBookmark,Log Always,?E?,User Account Management,System.Collections.ObjectModel.ReadOnlyCollection`1[System.String],System.Collections.Generic.List`1[System.Diagnostics.Eventing.Reader.EventProperty],0,2025-08-22 10:23:00
"A user's local group membership was enumerated.

Subject:
	Security ID:		S-1-5-18
	Account Name:		PALLAVI$
	Account Domain:		WORKGROUP
	Logon ID:		0x3E7

User:
	Security ID:		S-1-5-21-526676626-1424332610-3041271291-1001
	Account Name:		palla
	Account Domain:		Pallavi

Process Information:
	Process ID:		0x1b30
	Process Name:		C:\Windows\System32\svchost.exe",4798,0.0,,0.0,13824.0,0.0,-9.21436e+18,652572.0,Microsoft-Windows-Security-Auditing,54849625-5478-4994-a5ba-3e3b0328c30d,Security,1044.0,1100.0,Pallavi,,8/22/2025 10:23,c4ca9b73-111d-0000-28a7-cac41d11dc01,,d:\loganalyzerproject\data\security.evtx,System.UInt32[],System.Diagnostics.Eventing.Reader.EventBookmark,Log Always,?E?,User Account Management,System.Collections.ObjectModel.ReadOnlyCollection`1[System.String],System.Collections.Generic.List`1[System.Diagnostics.Eventing.Reader.EventProperty],0,2025-08-22 10:23:00
"A user's local group membership was enumerated.

Subject:
	Security ID:		S-1-5-18
	Account Name:		PALLAVI$
	Account Domain:		WORKGROUP
	Logon ID:		0x3E7

User:
	Security ID:		S-1-5-21-526676626-1424332610-3041271291-501
	Account Name:		Guest
	Account Domain:		Pallavi

Process Information:
	Process ID:		0x1b30
	Process Name:		C:\Windows\System32\svchost.exe",4798,0.0,,0.0,13824.0,0.0,-9.21436e+18,652571.0,Microsoft-Windows-Security-Auditing,54849625-5478-4994-a5ba-3e3b0328c30d,Security,1044.0,1100.0,Pallavi,,8/22/2025 10:23,c4ca9b73-111d-0000-28a7-cac41d11dc01,,d:\loganalyzerproject\data\security.evtx,System.UInt32[],System.Diagnostics.Eventing.Reader.EventBookmark,Log Always,?E?,User Account Management,System.Collections.ObjectModel.ReadOnlyCollection`1[System.String],System.Collections.Generic.List`1[System.Diagnostics.Eventing.Reader.EventProperty],0,2025-08-22 10:23:00
"A user's local group membership was enumerated.

Subject:
	Security ID:		S-1-5-18
	Account Name:		PALLAVI$
	Account Domain:		WORKGROUP
	Logon ID:		0x3E7

User:
	Security ID:		S-1-5-21-526676626-1424332610-3041271291-503
	Account Name:		DefaultAccount
	Account Domain:		Pallavi

Process Information:
	Process ID:		0x1b30
	Process Name:		C:\Windows\System32\svchost.exe",4798,0.0,,0.0,13824.0,0.0,-9.21436e+18,652570.0,Microsoft-Windows-Security-Auditing,54849625-5478-4994-a5ba-3e3b0328c30d,Security,1044.0,1100.0,Pallavi,,8/22/2025 10:23,c4ca9b73-111d-0000-28a7-cac41d11dc01,,d:\loganalyzerproject\data\security.evtx,System.UInt32[],System.Diagnostics.Eventing.Reader.EventBookmark,Log Always,?E?,User Account Management,System.Collections.ObjectModel.ReadOnlyCollection`1[System.String],System.Collections.Generic.List`1[System.Diagnostics.Eventing.Reader.EventProperty],0,2025-08-22 10:23:00
"A user's local group membership was enumerated.

Subject:
	Security ID:		S-1-5-18
	Account Name:		PALLAVI$
	Account Domain:		WORKGROUP
	Logon ID:		0x3E7

User:
	Security ID:		S-1-5-21-526676626-1424332610-3041271291-500
	Account Name:		Administrator
	Account Domain:		Pallavi

Process Information:
	Process ID:		0x1b30
	Process Name:		C:\Windows\System32\svchost.exe",4798,0.0,,0.0,13824.0,0.0,-9.21436e+18,652569.0,Microsoft-Windows-Security-Auditing,54849625-5478-4994-a5ba-3e3b0328c30d,Security,1044.0,1100.0,Pallavi,,8/22/2025 10:23,c4ca9b73-111d-0000-28a7-cac41d11dc01,,d:\loganalyzerproject\data\security.evtx,System.UInt32[],System.Diagnostics.Eventing.Reader.EventBookmark,Log Always,?E?,User Account Management,System.Collections.ObjectModel.ReadOnlyCollection`1[System.String],System.Collections.Generic.List`1[System.Diagnostics.Eventing.Reader.EventProperty],0,2025-08-22 10:23:00
"A user's local group membership was enumerated.

Subject:
	Security ID:		S-1-5-18
	Account Name:		PALLAVI$
	Account Domain:		WORKGROUP
	Logon ID:		0x3E7

User:
	Security ID:		S-1-5-21-526676626-1424332610-3041271291-1001
	Account Name:		palla
	Account Domain:		Pallavi

Process Information:
	Process ID:		0x1b30
	Process Name:		C:\Windows\System32\svchost.exe",4798,0.0,,0.0,13824.0,0.0,-9.21436e+18,652568.0,Microsoft-Windows-Security-Auditing,54849625-5478-4994-a5ba-3e3b0328c30d,Security,1044.0,17800.0,Pallavi,,8/22/2025 10:23,c4ca9b73-111d-0000-28a7-cac41d11dc01,,d:\loganalyzerproject\data\security.evtx,System.UInt32[],System.Diagnostics.Eventing.Reader.EventBookmark,Log Always,?E?,User Account Management,System.Collections.ObjectModel.ReadOnlyCollection`1[System.String],System.Collections.Generic.List`1[System.Diagnostics.Eventing.Reader.EventProperty],0,2025-08-22 10:23:00
"A user's local group membership was enumerated.

Subject:
	Security ID:		S-1-5-18
	Account Name:		PALLAVI$
	Account Domain:		WORKGROUP
	Logon ID:		0x3E7

User:
	Security ID:		S-1-5-21-526676626-1424332610-3041271291-501
	Account Name:		Guest
	Account Domain:		Pallavi

Process Information:
	Process ID:		0x1b30
	Process Name:		C:\Windows\System32\svchost.exe",4798,0.0,,0.0,13824.0,0.0,-9.21436e+18,652567.0,Microsoft-Windows-Security-Auditing,54849625-5478-4994-a5ba-3e3b0328c30d,Security,1044.0,17800.0,Pallavi,,8/22/2025 10:23,c4ca9b73-111d-0000-28a7-cac41d11dc01,,d:\loganalyzerproject\data\security.evtx,System.UInt32[],System.Diagnostics.Eventing.Reader.EventBookmark,Log Always,?E?,User Account Management,System.Collections.ObjectModel.ReadOnlyCollection`1[System.String],System.Collections.Generic.List`1[System.Diagnostics.Eventing.Reader.EventProperty],0,2025-08-22 10:23:00
"A user's local group membership was enumerated.

Subject:
	Security ID:		S-1-5-18
	Account Name:		PALLAVI$
	Account Domain:		WORKGROUP
	Logon ID:		0x3E7

User:
	Security ID:		S-1-5-21-526676626-1424332610-3041271291-503
	Account Name:		DefaultAccount
	Account Domain:		Pallavi

Process Information:
	Process ID:		0x1b30
	Process Name:		C:\Windows\System32\svchost.exe",4798,0.0,,0.0,13824.0,0.0,-9.21436e+18,652566.0,Microsoft-Windows-Security-Auditing,54849625-5478-4994-a5ba-3e3b0328c30d,Security,1044.0,17800.0,Pallavi,,8/22/2025 10:23,c4ca9b73-111d-0000-28a7-cac41d11dc01,,d:\loganalyzerproject\data\security.evtx,System.UInt32[],System.Diagnostics.Eventing.Reader.EventBookmark,Log Always,?E?,User Account Management,System.Collections.ObjectModel.ReadOnlyCollection`1[System.String],System.Collections.Generic.List`1[System.Diagnostics.Eventing.Reader.EventProperty],0,2025-08-22 10:23:00
"A user's local group membership was enumerated.

Subject:
	Security ID:		S-1-5-18
	Account Name:		PALLAVI$
	Account Domain:		WORKGROUP
	Logon ID:		0x3E7

User:
	Security ID:		S-1-5-21-526676626-1424332610-3041271291-500
	Account Name:		Administrator
	Account Domain:		Pallavi

Process Information:
	Process ID:		0x1b30
	Process Name:		C:\Windows\System32\svchost.exe",4798,0.0,,0.0,13824.0,0.0,-9.21436e+18,652565.0,Microsoft-Windows-Security-Auditing,54849625-5478-4994-a5ba-3e3b0328c30d,Security,1044.0,17800.0,Pallavi,,8/22/2025 10:23,c4ca9b73-111d-0000-28a7-cac41d11dc01,,d:\loganalyzerproject\data\security.evtx,System.UInt32[],System.Diagnostics.Eventing.Reader.EventBookmark,Log Always,?E?,User Account Management,System.Collections.ObjectModel.ReadOnlyCollection`1[System.String],System.Collections.Generic.List`1[System.Diagnostics.Eventing.Reader.EventProperty],0,2025-08-22 10:23:00
"A user's local group membership was enumerated.

Subject:
	Security ID:		S-1-5-18
	Account Name:		PALLAVI$
	Account Domain:		WORKGROUP
	Logon ID:		0x3E7

User:
	Security ID:		S-1-5-21-526676626-1424332610-3041271291-1001
	Account Name:		palla
	Account Domain:		Pallavi

Process Information:
	Process ID:		0x1b30
	Process Name:		C:\Windows\System32\svchost.exe",4798,0.0,,0.0,13824.0,0.0,-9.21436e+18,652564.0,Microsoft-Windows-Security-Auditing,54849625-5478-4994-a5ba-3e3b0328c30d,Security,1044.0,17800.0,Pallavi,,8/22/2025 10:20,c4ca9b73-111d-0000-28a7-cac41d11dc01,,d:\loganalyzerproject\data\security.evtx,System.UInt32[],System.Diagnostics.Eventing.Reader.EventBookmark,Log Always,?E?,User Account Management,System.Collections.ObjectModel.ReadOnlyCollection`1[System.String],System.Collections.Generic.List`1[System.Diagnostics.Eventing.Reader.EventProperty],0,2025-08-22 10:20:00
"A user's local group membership was enumerated.

Subject:
	Security ID:		S-1-5-18
	Account Name:		PALLAVI$
	Account Domain:		WORKGROUP
	Logon ID:		0x3E7

User:
	Security ID:		S-1-5-21-526676626-1424332610-3041271291-501
	Account Name:		Guest
	Account Domain:		Pallavi

Process Information:
	Process ID:		0x1b30
	Process Name:		C:\Windows\System32\svchost.exe",4798,0.0,,0.0,13824.0,0.0,-9.21436e+18,652563.0,Microsoft-Windows-Security-Auditing,54849625-5478-4994-a5ba-3e3b0328c30d,Security,1044.0,17800.0,Pallavi,,8/22/2025 10:20,c4ca9b73-111d-0000-28a7-cac41d11dc01,,d:\loganalyzerproject\data\security.evtx,System.UInt32[],System.Diagnostics.Eventing.Reader.EventBookmark,Log Always,?E?,User Account Management,System.Collections.ObjectModel.ReadOnlyCollection`1[System.String],System.Collections.Generic.List`1[System.Diagnostics.Eventing.Reader.EventProperty],0,2025-08-22 10:20:00
"A user's local group membership was enumerated.

Subject:
	Security ID:		S-1-5-18
	Account Name:		PALLAVI$
	Account Domain:		WORKGROUP
	Logon ID:		0x3E7

User:
	Security ID:		S-1-5-21-526676626-1424332610-3041271291-503
	Account Name:		DefaultAccount
	Account Domain:		Pallavi

Process Information:
	Process ID:		0x1b30
	Process Name:		C:\Windows\System32\svchost.exe",4798,0.0,,0.0,13824.0,0.0,-9.21436e+18,652562.0,Microsoft-Windows-Security-Auditing,54849625-5478-4994-a5ba-3e3b0328c30d,Security,1044.0,17800.0,Pallavi,,8/22/2025 10:20,c4ca9b73-111d-0000-28a7-cac41d11dc01,,d:\loganalyzerproject\data\security.evtx,System.UInt32[],System.Diagnostics.Eventing.Reader.EventBookmark,Log Always,?E?,User Account Management,System.Collections.ObjectModel.ReadOnlyCollection`1[System.String],System.Collections.Generic.List`1[System.Diagnostics.Eventing.Reader.EventProperty],0,2025-08-22 10:20:00
"A user's local group membership was enumerated.

Subject:
	Security ID:		S-1-5-18
	Account Name:		PALLAVI$
	Account Domain:		WORKGROUP
	Logon ID:		0x3E7

User:
	Security ID:		S-1-5-21-526676626-1424332610-3041271291-500
	Account Name:		Administrator
	Account Domain:		Pallavi

Process Information:
	Process ID:		0x1b30
	Process Name:		C:\Windows\System32\svchost.exe",4798,0.0,,0.0,13824.0,0.0,-9.21436e+18,652561.0,Microsoft-Windows-Security-Auditing,54849625-5478-4994-a5ba-3e3b0328c30d,Security,1044.0,17800.0,Pallavi,,8/22/2025 10:20,c4ca9b73-111d-0000-28a7-cac41d11dc01,,d:\loganalyzerproject\data\security.evtx,System.UInt32[],System.Diagnostics.Eventing.Reader.EventBookmark,Log Always,?E?,User Account Management,System.Collections.ObjectModel.ReadOnlyCollection`1[System.String],System.Collections.Generic.List`1[System.Diagnostics.Eventing.Reader.EventProperty],0,2025-08-22 10:20:00
"A user's local group membership was enumerated.

Subject:
	Security ID:		S-1-5-18
	Account Name:		PALLAVI$
	Account Domain:		WORKGROUP
	Logon ID:		0x3E7

User:
	Security ID:		S-1-5-21-526676626-1424332610-3041271291-1001
	Account Name:		palla
	Account Domain:		Pallavi

Process Information:
	Process ID:		0x1b30
	Process Name:		C:\Windows\System32\svchost.exe",4798,0.0,,0.0,13824.0,0.0,-9.21436e+18,652560.0,Microsoft-Windows-Security-Auditing,54849625-5478-4994-a5ba-3e3b0328c30d,Security,1044.0,17800.0,Pallavi,,8/22/2025 10:20,c4ca9b73-111d-0000-28a7-cac41d11dc01,,d:\loganalyzerproject\data\security.evtx,System.UInt32[],System.Diagnostics.Eventing.Reader.EventBookmark,Log Always,?E?,User Account Management,System.Collections.ObjectModel.ReadOnlyCollection`1[System.String],System.Collections.Generic.List`1[System.Diagnostics.Eventing.Reader.EventProperty],0,2025-08-22 10:20:00
"A user's local group membership was enumerated.

Subject:
	Security ID:		S-1-5-18
	Account Name:		PALLAVI$
	Account Domain:		WORKGROUP
	Logon ID:		0x3E7

User:
	Security ID:		S-1-5-21-526676626-1424332610-3041271291-501
	Account Name:		Guest
	Account Domain:		Pallavi

Process Information:
	Process ID:		0x1b30
	Process Name:		C:\Windows\System32\svchost.exe",4798,0.0,,0.0,13824.0,0.0,-9.21436e+18,652559.0,Microsoft-Windows-Security-Auditing,54849625-5478-4994-a5ba-3e3b0328c30d,Security,1044.0,17800.0,Pallavi,,8/22/2025 10:20,c4ca9b73-111d-0000-28a7-cac41d11dc01,,d:\loganalyzerproject\data\security.evtx,System.UInt32[],System.Diagnostics.Eventing.Reader.EventBookmark,Log Always,?E?,User Account Management,System.Collections.ObjectModel.ReadOnlyCollection`1[System.String],System.Collections.Generic.List`1[System.Diagnostics.Eventing.Reader.EventProperty],0,2025-08-22 10:20:00
"A user's local group membership was enumerated.

Subject:
	Security ID:		S-1-5-18
	Account Name:		PALLAVI$
	Account Domain:		WORKGROUP
	Logon ID:		0x3E7

User:
	Security ID:		S-1-5-21-526676626-1424332610-3041271291-503
	Account Name:		DefaultAccount
	Account Domain:		Pallavi

Process Information:
	Process ID:		0x1b30
	Process Name:		C:\Windows\System32\svchost.exe",4798,0.0,,0.0,13824.0,0.0,-9.21436e+18,652558.0,Microsoft-Windows-Security-Auditing,54849625-5478-4994-a5ba-3e3b0328c30d,Security,1044.0,17800.0,Pallavi,,8/22/2025 10:20,c4ca9b73-111d-0000-28a7-cac41d11dc01,,d:\loganalyzerproject\data\security.evtx,System.UInt32[],System.Diagnostics.Eventing.Reader.EventBookmark,Log Always,?E?,User Account Management,System.Collections.ObjectModel.ReadOnlyCollection`1[System.String],System.Collections.Generic.List`1[System.Diagnostics.Eventing.Reader.EventProperty],0,2025-08-22 10:20:00
"A user's local group membership was enumerated.

Subject:
	Security ID:		S-1-5-18
	Account Name:		PALLAVI$
	Account Domain:		WORKGROUP
	Logon ID:		0x3E7

User:
	Security ID:		S-1-5-21-526676626-1424332610-3041271291-500
	Account Name:		Administrator
	Account Domain:		Pallavi

Process Information:
	Process ID:		0x1b30
	Process Name:		C:\Windows\System32\svchost.exe",4798,0.0,,0.0,13824.0,0.0,-9.21436e+18,652557.0,Microsoft-Windows-Security-Auditing,54849625-5478-4994-a5ba-3e3b0328c30d,Security,1044.0,17800.0,Pallavi,,8/22/2025 10:20,c4ca9b73-111d-0000-28a7-cac41d11dc01,,d:\loganalyzerproject\data\security.evtx,System.UInt32[],System.Diagnostics.Eventing.Reader.EventBookmark,Log Always,?E?,User Account Management,System.Collections.ObjectModel.ReadOnlyCollection`1[System.String],System.Collections.Generic.List`1[System.Diagnostics.Eventing.Reader.EventProperty],0,2025-08-22 10:20:00
"A security-enabled local group membership was enumerated.

Subject:
	Security ID:		S-1-5-18
	Account Name:		PALLAVI$
	Account Domain:		WORKGROUP
	Logon ID:		0x3E7

Group:
	Security ID:		S-1-5-32-544
	Group Name:		Administrators
	Group Domain:		Builtin

Process Information:
	Process ID:		0x2f40
	Process Name:		C:\Windows\System32\VSSVC.exe",4799,0.0,,0.0,13826.0,0.0,-9.21436e+18,652556.0,Microsoft-Windows-Security-Auditing,54849625-5478-4994-a5ba-3e3b0328c30d,Security,1044.0,17800.0,Pallavi,,8/22/2025 10:19,c4ca9b73-111d-0000-28a7-cac41d11dc01,,d:\loganalyzerproject\data\security.evtx,System.UInt32[],System.Diagnostics.Eventing.Reader.EventBookmark,Log Always,?E?,Security Group Management,System.Collections.ObjectModel.ReadOnlyCollection`1[System.String],System.Collections.Generic.List`1[System.Diagnostics.Eventing.Reader.EventProperty],0,2025-08-22 10:19:00
"A security-enabled local group membership was enumerated.

Subject:
	Security ID:		S-1-5-18
	Account Name:		PALLAVI$
	Account Domain:		WORKGROUP
	Logon ID:		0x3E7

Group:
	Security ID:		S-1-5-32-544
	Group Name:		Administrators
	Group Domain:		Builtin

Process Information:
	Process ID:		0x2f40
	Process Name:		C:\Windows\System32\VSSVC.exe",4799,0.0,,0.0,13826.0,0.0,-9.21436e+18,652555.0,Microsoft-Windows-Security-Auditing,54849625-5478-4994-a5ba-3e3b0328c30d,Security,1044.0,17800.0,Pallavi,,8/22/2025 10:19,c4ca9b73-111d-0000-28a7-cac41d11dc01,,d:\loganalyzerproject\data\security.evtx,System.UInt32[],System.Diagnostics.Eventing.Reader.EventBookmark,Log Always,?E?,Security Group Management,System.Collections.ObjectModel.ReadOnlyCollection`1[System.String],System.Collections.Generic.List`1[System.Diagnostics.Eventing.Reader.EventProperty],0,2025-08-22 10:19:00
"A security-enabled local group membership was enumerated.

Subject:
	Security ID:		S-1-5-18
	Account Name:		PALLAVI$
	Account Domain:		WORKGROUP
	Logon ID:		0x3E7

Group:
	Security ID:		S-1-5-32-544
	Group Name:		Administrators
	Group Domain:		Builtin

Process Information:
	Process ID:		0x2f40
	Process Name:		C:\Windows\System32\VSSVC.exe",4799,0.0,,0.0,13826.0,0.0,-9.21436e+18,652554.0,Microsoft-Windows-Security-Auditing,54849625-5478-4994-a5ba-3e3b0328c30d,Security,1044.0,17800.0,Pallavi,,8/22/2025 10:19,c4ca9b73-111d-0000-28a7-cac41d11dc01,,d:\loganalyzerproject\data\security.evtx,System.UInt32[],System.Diagnostics.Eventing.Reader.EventBookmark,Log Always,?E?,Security Group Management,System.Collections.ObjectModel.ReadOnlyCollection`1[System.String],System.Collections.Generic.List`1[System.Diagnostics.Eventing.Reader.EventProperty],0,2025-08-22 10:19:00
"Special privileges assigned to new logon.

Subject:
	Security ID:		S-1-5-18
	Account Name:		SYSTEM
	Account Domain:		NT AUTHORITY
	Logon ID:		0x3E7

Privileges:		SeAssignPrimaryTokenPrivilege
			SeTcbPrivilege
			SeSecurityPrivilege
			SeTakeOwnershipPrivilege
			SeLoadDriverPrivilege
			SeBackupPrivilege
			SeRestorePrivilege
			SeDebugPrivilege
			SeAuditPrivilege
			SeSystemEnvironmentPrivilege
			SeImpersonatePrivilege
			SeDelegateSessionUserImpersonatePrivilege",4672,0.0,,0.0,12548.0,0.0,-9.21436e+18,652553.0,Microsoft-Windows-Security-Auditing,54849625-5478-4994-a5ba-3e3b0328c30d,Security,1044.0,17800.0,Pallavi,,8/22/2025 10:19,c4ca9b73-111d-0000-28a7-cac41d11dc01,,d:\loganalyzerproject\data\security.evtx,System.UInt32[],System.Diagnostics.Eventing.Reader.EventBookmark,Log Always,?E?,Special Logon,System.Collections.ObjectModel.ReadOnlyCollection`1[System.String],System.Collections.Generic.List`1[System.Diagnostics.Eventing.Reader.EventProperty],0,2025-08-22 10:19:00
"An account was successfully logged on.

Subject:
	Security ID:		S-1-5-18
	Account Name:		PALLAVI$
	Account Domain:		WORKGROUP
	Logon ID:		0x3E7

Logon Information:
	Logon Type:		5
	Restricted Admin Mode:	-
	Remote Credential Guard:	-
	Virtual Account:		No
	Elevated Token:		Yes

Impersonation Level:		Impersonation

New Logon:
	Security ID:		S-1-5-18
	Account Name:		SYSTEM
	Account Domain:		NT AUTHORITY
	Logon ID:		0x3E7
	Linked Logon ID:		0x0
	Network Account Name:	-
	Network Account Domain:	-
	Logon GUID:		{00000000-0000-0000-0000-000000000000}

Process Information:
	Process ID:		0x368
	Process Name:		C:\Windows\System32\services.exe

Network Information:
	Workstation Name:	-
	Source Network Address:	-
	Source Port:		-

Detailed Authentication Information:
	Logon Process:		Advapi  
	Authentication Package:	Negotiate
	Transited Services:	-
	Package Name (NTLM only):	-
	Key Length:		0

This event is generated when a logon session is created. It is generated on the computer that was accessed.

The subject fields indicate the account on the local system which requested the logon. This is most commonly a service such as the Server service, or a local process such as Winlogon.exe or Services.exe.

The logon type field indicates the kind of logon that occurred. The most common types are 2 (interactive) and 3 (network).

The New Logon fields indicate the account for whom the new logon was created, i.e. the account that was logged on.

The network fields indicate where a remote logon request originated. Workstation name is not always available and may be left blank in some cases.

The impersonation level field indicates the extent to which a process in the logon session can impersonate.

The authentication information fields provide detailed information about this specific logon request.
	- Logon GUID is a unique identifier that can be used to correlate this event with a KDC event.
	- Transited services indicate which intermediate services have participated in this logon request.
	- Package name indicates which sub-protocol was used among the NTLM protocols.
	- Key length indicates the length of the generated session key. This will be 0 if no session key was requested.",4624,3.0,,0.0,12544.0,0.0,-9.21436e+18,652552.0,Microsoft-Windows-Security-Auditing,54849625-5478-4994-a5ba-3e3b0328c30d,Security,1044.0,17800.0,Pallavi,,8/22/2025 10:19,c4ca9b73-111d-0000-28a7-cac41d11dc01,,d:\loganalyzerproject\data\security.evtx,System.UInt32[],System.Diagnostics.Eventing.Reader.EventBookmark,Log Always,?E?,Logon,System.Collections.ObjectModel.ReadOnlyCollection`1[System.String],System.Collections.Generic.List`1[System.Diagnostics.Eventing.Reader.EventProperty],0,2025-08-22 10:19:00
"A security-enabled local group membership was enumerated.

Subject:
	Security ID:		S-1-5-18
	Account Name:		PALLAVI$
	Account Domain:		WORKGROUP
	Logon ID:		0x3E7

Group:
	Security ID:		S-1-5-32-544
	Group Name:		Administrators
	Group Domain:		Builtin

Process Information:
	Process ID:		0x2f40
	Process Name:		C:\Windows\System32\VSSVC.exe",4799,0.0,,0.0,13826.0,0.0,-9.21436e+18,652551.0,Microsoft-Windows-Security-Auditing,54849625-5478-4994-a5ba-3e3b0328c30d,Security,1044.0,17800.0,Pallavi,,8/22/2025 10:19,c4ca9b73-111d-0000-28a7-cac41d11dc01,,d:\loganalyzerproject\data\security.evtx,System.UInt32[],System.Diagnostics.Eventing.Reader.EventBookmark,Log Always,?E?,Security Group Management,System.Collections.ObjectModel.ReadOnlyCollection`1[System.String],System.Collections.Generic.List`1[System.Diagnostics.Eventing.Reader.EventProperty],0,2025-08-22 10:19:00
"Special privileges assigned to new logon.

Subject:
	Security ID:		S-1-5-18
	Account Name:		SYSTEM
	Account Domain:		NT AUTHORITY
	Logon ID:		0x3E7

Privileges:		SeAssignPrimaryTokenPrivilege
			SeTcbPrivilege
			SeSecurityPrivilege
			SeTakeOwnershipPrivilege
			SeLoadDriverPrivilege
			SeBackupPrivilege
			SeRestorePrivilege
			SeDebugPrivilege
			SeAuditPrivilege
			SeSystemEnvironmentPrivilege
			SeImpersonatePrivilege
			SeDelegateSessionUserImpersonatePrivilege",4672,0.0,,0.0,12548.0,0.0,-9.21436e+18,652550.0,Microsoft-Windows-Security-Auditing,54849625-5478-4994-a5ba-3e3b0328c30d,Security,1044.0,8728.0,Pallavi,,8/22/2025 10:19,c4ca9b73-111d-0000-28a7-cac41d11dc01,,d:\loganalyzerproject\data\security.evtx,System.UInt32[],System.Diagnostics.Eventing.Reader.EventBookmark,Log Always,?E?,Special Logon,System.Collections.ObjectModel.ReadOnlyCollection`1[System.String],System.Collections.Generic.List`1[System.Diagnostics.Eventing.Reader.EventProperty],0,2025-08-22 10:19:00
"An account was successfully logged on.

Subject:
	Security ID:		S-1-5-18
	Account Name:		PALLAVI$
	Account Domain:		WORKGROUP
	Logon ID:		0x3E7

Logon Information:
	Logon Type:		5
	Restricted Admin Mode:	-
	Remote Credential Guard:	-
	Virtual Account:		No
	Elevated Token:		Yes

Impersonation Level:		Impersonation

New Logon:
	Security ID:		S-1-5-18
	Account Name:		SYSTEM
	Account Domain:		NT AUTHORITY
	Logon ID:		0x3E7
	Linked Logon ID:		0x0
	Network Account Name:	-
	Network Account Domain:	-
	Logon GUID:		{00000000-0000-0000-0000-000000000000}

Process Information:
	Process ID:		0x368
	Process Name:		C:\Windows\System32\services.exe

Network Information:
	Workstation Name:	-
	Source Network Address:	-
	Source Port:		-

Detailed Authentication Information:
	Logon Process:		Advapi  
	Authentication Package:	Negotiate
	Transited Services:	-
	Package Name (NTLM only):	-
	Key Length:		0

This event is generated when a logon session is created. It is generated on the computer that was accessed.

The subject fields indicate the account on the local system which requested the logon. This is most commonly a service such as the Server service, or a local process such as Winlogon.exe or Services.exe.

The logon type field indicates the kind of logon that occurred. The most common types are 2 (interactive) and 3 (network).

The New Logon fields indicate the account for whom the new logon was created, i.e. the account that was logged on.

The network fields indicate where a remote logon request originated. Workstation name is not always available and may be left blank in some cases.

The impersonation level field indicates the extent to which a process in the logon session can impersonate.

The authentication information fields provide detailed information about this specific logon request.
	- Logon GUID is a unique identifier that can be used to correlate this event with a KDC event.
	- Transited services indicate which intermediate services have participated in this logon request.
	- Package name indicates which sub-protocol was used among the NTLM protocols.
	- Key length indicates the length of the generated session key. This will be 0 if no session key was requested.",4624,3.0,,0.0,12544.0,0.0,-9.21436e+18,652549.0,Microsoft-Windows-Security-Auditing,54849625-5478-4994-a5ba-3e3b0328c30d,Security,1044.0,8728.0,Pallavi,,8/22/2025 10:19,c4ca9b73-111d-0000-28a7-cac41d11dc01,,d:\loganalyzerproject\data\security.evtx,System.UInt32[],System.Diagnostics.Eventing.Reader.EventBookmark,Log Always,???,Logon,System.Collections.ObjectModel.ReadOnlyCollection`1[System.String],System.Collections.Generic.List`1[System.Diagnostics.Eventing.Reader.EventProperty],0,2025-08-22 10:19:00
"A user's local group membership was enumerated.

Subject:
	Security ID:		S-1-5-18
	Account Name:		PALLAVI$
	Account Domain:		WORKGROUP
	Logon ID:		0x3E7

User:
	Security ID:		S-1-5-21-526676626-1424332610-3041271291-1001
	Account Name:		palla
	Account Domain:		Pallavi

Process Information:
	Process ID:		0x1b30
	Process Name:		C:\Windows\System32\svchost.exe",4798,0.0,,0.0,13824.0,0.0,-9.21436e+18,652548.0,Microsoft-Windows-Security-Auditing,54849625-5478-4994-a5ba-3e3b0328c30d,Security,1044.0,17800.0,Pallavi,,8/22/2025 10:18,c4ca9b73-111d-0000-28a7-cac41d11dc01,,d:\loganalyzerproject\data\security.evtx,System.UInt32[],System.Diagnostics.Eventing.Reader.EventBookmark,Log Always,?E?,User Account Management,System.Collections.ObjectModel.ReadOnlyCollection`1[System.String],System.Collections.Generic.List`1[System.Diagnostics.Eventing.Reader.EventProperty],0,2025-08-22 10:18:00
"A user's local group membership was enumerated.

Subject:
	Security ID:		S-1-5-18
	Account Name:		PALLAVI$
	Account Domain:		WORKGROUP
	Logon ID:		0x3E7

User:
	Security ID:		S-1-5-21-526676626-1424332610-3041271291-501
	Account Name:		Guest
	Account Domain:		Pallavi

Process Information:
	Process ID:		0x1b30
	Process Name:		C:\Windows\System32\svchost.exe",4798,0.0,,0.0,13824.0,0.0,-9.21436e+18,652547.0,Microsoft-Windows-Security-Auditing,54849625-5478-4994-a5ba-3e3b0328c30d,Security,1044.0,17800.0,Pallavi,,8/22/2025 10:18,c4ca9b73-111d-0000-28a7-cac41d11dc01,,d:\loganalyzerproject\data\security.evtx,System.UInt32[],System.Diagnostics.Eventing.Reader.EventBookmark,Log Always,?E?,User Account Management,System.Collections.ObjectModel.ReadOnlyCollection`1[System.String],System.Collections.Generic.List`1[System.Diagnostics.Eventing.Reader.EventProperty],0,2025-08-22 10:18:00
"A user's local group membership was enumerated.

Subject:
	Security ID:		S-1-5-18
	Account Name:		PALLAVI$
	Account Domain:		WORKGROUP
	Logon ID:		0x3E7

User:
	Security ID:		S-1-5-21-526676626-1424332610-3041271291-503
	Account Name:		DefaultAccount
	Account Domain:		Pallavi

Process Information:
	Process ID:		0x1b30
	Process Name:		C:\Windows\System32\svchost.exe",4798,0.0,,0.0,13824.0,0.0,-9.21436e+18,652546.0,Microsoft-Windows-Security-Auditing,54849625-5478-4994-a5ba-3e3b0328c30d,Security,1044.0,17800.0,Pallavi,,8/22/2025 10:18,c4ca9b73-111d-0000-28a7-cac41d11dc01,,d:\loganalyzerproject\data\security.evtx,System.UInt32[],System.Diagnostics.Eventing.Reader.EventBookmark,Log Always,?E?,User Account Management,System.Collections.ObjectModel.ReadOnlyCollection`1[System.String],System.Collections.Generic.List`1[System.Diagnostics.Eventing.Reader.EventProperty],0,2025-08-22 10:18:00
"A user's local group membership was enumerated.

Subject:
	Security ID:		S-1-5-18
	Account Name:		PALLAVI$
	Account Domain:		WORKGROUP
	Logon ID:		0x3E7

User:
	Security ID:		S-1-5-21-526676626-1424332610-3041271291-500
	Account Name:		Administrator
	Account Domain:		Pallavi

Process Information:
	Process ID:		0x1b30
	Process Name:		C:\Windows\System32\svchost.exe",4798,0.0,,0.0,13824.0,0.0,-9.21436e+18,652545.0,Microsoft-Windows-Security-Auditing,54849625-5478-4994-a5ba-3e3b0328c30d,Security,1044.0,17800.0,Pallavi,,8/22/2025 10:18,c4ca9b73-111d-0000-28a7-cac41d11dc01,,d:\loganalyzerproject\data\security.evtx,System.UInt32[],System.Diagnostics.Eventing.Reader.EventBookmark,Log Always,?E?,User Account Management,System.Collections.ObjectModel.ReadOnlyCollection`1[System.String],System.Collections.Generic.List`1[System.Diagnostics.Eventing.Reader.EventProperty],0,2025-08-22 10:18:00
"A user's local group membership was enumerated.

Subject:
	Security ID:		S-1-5-18
	Account Name:		PALLAVI$
	Account Domain:		WORKGROUP
	Logon ID:		0x3E7

User:
	Security ID:		S-1-5-21-526676626-1424332610-3041271291-1001
	Account Name:		palla
	Account Domain:		Pallavi

Process Information:
	Process ID:		0x1b30
	Process Name:		C:\Windows\System32\svchost.exe",4798,0.0,,0.0,13824.0,0.0,-9.21436e+18,652544.0,Microsoft-Windows-Security-Auditing,54849625-5478-4994-a5ba-3e3b0328c30d,Security,1044.0,17800.0,Pallavi,,8/22/2025 10:18,c4ca9b73-111d-0000-28a7-cac41d11dc01,,d:\loganalyzerproject\data\security.evtx,System.UInt32[],System.Diagnostics.Eventing.Reader.EventBookmark,Log Always,?E?,User Account Management,System.Collections.ObjectModel.ReadOnlyCollection`1[System.String],System.Collections.Generic.List`1[System.Diagnostics.Eventing.Reader.EventProperty],0,2025-08-22 10:18:00
"A user's local group membership was enumerated.

Subject:
	Security ID:		S-1-5-18
	Account Name:		PALLAVI$
	Account Domain:		WORKGROUP
	Logon ID:		0x3E7

User:
	Security ID:		S-1-5-21-526676626-1424332610-3041271291-501
	Account Name:		Guest
	Account Domain:		Pallavi

Process Information:
	Process ID:		0x1b30
	Process Name:		C:\Windows\System32\svchost.exe",4798,0.0,,0.0,13824.0,0.0,-9.21436e+18,652543.0,Microsoft-Windows-Security-Auditing,54849625-5478-4994-a5ba-3e3b0328c30d,Security,1044.0,17800.0,Pallavi,,8/22/2025 10:18,c4ca9b73-111d-0000-28a7-cac41d11dc01,,d:\loganalyzerproject\data\security.evtx,System.UInt32[],System.Diagnostics.Eventing.Reader.EventBookmark,Log Always,?E?,User Account Management,System.Collections.ObjectModel.ReadOnlyCollection`1[System.String],System.Collections.Generic.List`1[System.Diagnostics.Eventing.Reader.EventProperty],0,2025-08-22 10:18:00
"A user's local group membership was enumerated.

Subject:
	Security ID:		S-1-5-18
	Account Name:		PALLAVI$
	Account Domain:		WORKGROUP
	Logon ID:		0x3E7

User:
	Security ID:		S-1-5-21-526676626-1424332610-3041271291-503
	Account Name:		DefaultAccount
	Account Domain:		Pallavi

Process Information:
	Process ID:		0x1b30
	Process Name:		C:\Windows\System32\svchost.exe",4798,0.0,,0.0,13824.0,0.0,-9.21436e+18,652542.0,Microsoft-Windows-Security-Auditing,54849625-5478-4994-a5ba-3e3b0328c30d,Security,1044.0,17800.0,Pallavi,,8/22/2025 10:18,c4ca9b73-111d-0000-28a7-cac41d11dc01,,d:\loganalyzerproject\data\security.evtx,System.UInt32[],System.Diagnostics.Eventing.Reader.EventBookmark,Log Always,?E?,User Account Management,System.Collections.ObjectModel.ReadOnlyCollection`1[System.String],System.Collections.Generic.List`1[System.Diagnostics.Eventing.Reader.EventProperty],0,2025-08-22 10:18:00
"A user's local group membership was enumerated.

Subject:
	Security ID:		S-1-5-18
	Account Name:		PALLAVI$
	Account Domain:		WORKGROUP
	Logon ID:		0x3E7

User:
	Security ID:		S-1-5-21-526676626-1424332610-3041271291-500
	Account Name:		Administrator
	Account Domain:		Pallavi

Process Information:
	Process ID:		0x1b30
	Process Name:		C:\Windows\System32\svchost.exe",4798,0.0,,0.0,13824.0,0.0,-9.21436e+18,652541.0,Microsoft-Windows-Security-Auditing,54849625-5478-4994-a5ba-3e3b0328c30d,Security,1044.0,17800.0,Pallavi,,8/22/2025 10:18,c4ca9b73-111d-0000-28a7-cac41d11dc01,,d:\loganalyzerproject\data\security.evtx,System.UInt32[],System.Diagnostics.Eventing.Reader.EventBookmark,Log Always,?E?,User Account Management,System.Collections.ObjectModel.ReadOnlyCollection`1[System.String],System.Collections.Generic.List`1[System.Diagnostics.Eventing.Reader.EventProperty],0,2025-08-22 10:18:00
"Credential Manager credentials were read.

Subject:
	Security ID:		S-1-5-21-526676626-1424332610-3041271291-1001
	Account Name:		palla
	Account Domain:		PALLAVI
	Logon ID:		0x9FD690A
	Read Operation:		Enumerate Credentials

This event occurs when a user performs a read operation on stored credentials in Credential Manager.",5379,0.0,,0.0,13824.0,0.0,-9.21436e+18,652540.0,Microsoft-Windows-Security-Auditing,54849625-5478-4994-a5ba-3e3b0328c30d,Security,1044.0,17800.0,Pallavi,,8/22/2025 10:17,c4ca9b73-111d-0000-28a7-cac41d11dc01,,d:\loganalyzerproject\data\security.evtx,System.UInt32[],System.Diagnostics.Eventing.Reader.EventBookmark,Log Always,?E?,User Account Management,System.Collections.ObjectModel.ReadOnlyCollection`1[System.String],System.Collections.Generic.List`1[System.Diagnostics.Eventing.Reader.EventProperty],0,2025-08-22 10:17:00
"Credential Manager credentials were read.

Subject:
	Security ID:		S-1-5-21-526676626-1424332610-3041271291-1001
	Account Name:		palla
	Account Domain:		PALLAVI
	Logon ID:		0x9FD690A
	Read Operation:		Enumerate Credentials

This event occurs when a user performs a read operation on stored credentials in Credential Manager.",5379,0.0,,0.0,13824.0,0.0,-9.21436e+18,652539.0,Microsoft-Windows-Security-Auditing,54849625-5478-4994-a5ba-3e3b0328c30d,Security,1044.0,1100.0,Pallavi,,8/22/2025 10:17,c4ca9b73-111d-0000-28a7-cac41d11dc01,,d:\loganalyzerproject\data\security.evtx,System.UInt32[],System.Diagnostics.Eventing.Reader.EventBookmark,Log Always,?E?,User Account Management,System.Collections.ObjectModel.ReadOnlyCollection`1[System.String],System.Collections.Generic.List`1[System.Diagnostics.Eventing.Reader.EventProperty],0,2025-08-22 10:17:00
"Credential Manager credentials were read.

Subject:
	Security ID:		S-1-5-21-526676626-1424332610-3041271291-1001
	Account Name:		palla
	Account Domain:		PALLAVI
	Logon ID:		0x9FD690A
	Read Operation:		Enumerate Credentials

This event occurs when a user performs a read operation on stored credentials in Credential Manager.",5379,0.0,,0.0,13824.0,0.0,-9.21436e+18,652538.0,Microsoft-Windows-Security-Auditing,54849625-5478-4994-a5ba-3e3b0328c30d,Security,1044.0,1100.0,Pallavi,,8/22/2025 10:17,c4ca9b73-111d-0000-28a7-cac41d11dc01,,d:\loganalyzerproject\data\security.evtx,System.UInt32[],System.Diagnostics.Eventing.Reader.EventBookmark,Log Always,?E?,User Account Management,System.Collections.ObjectModel.ReadOnlyCollection`1[System.String],System.Collections.Generic.List`1[System.Diagnostics.Eventing.Reader.EventProperty],0,2025-08-22 10:17:00
"Credential Manager credentials were read.

Subject:
	Security ID:		S-1-5-21-526676626-1424332610-3041271291-1001
	Account Name:		palla
	Account Domain:		PALLAVI
	Logon ID:		0x9FD690A
	Read Operation:		Enumerate Credentials

This event occurs when a user performs a read operation on stored credentials in Credential Manager.",5379,0.0,,0.0,13824.0,0.0,-9.21436e+18,652537.0,Microsoft-Windows-Security-Auditing,54849625-5478-4994-a5ba-3e3b0328c30d,Security,1044.0,1100.0,Pallavi,,8/22/2025 10:17,c4ca9b73-111d-0000-28a7-cac41d11dc01,,d:\loganalyzerproject\data\security.evtx,System.UInt32[],System.Diagnostics.Eventing.Reader.EventBookmark,Log Always,?E?,User Account Management,System.Collections.ObjectModel.ReadOnlyCollection`1[System.String],System.Collections.Generic.List`1[System.Diagnostics.Eventing.Reader.EventProperty],0,2025-08-22 10:17:00
"Credential Manager credentials were read.

Subject:
	Security ID:		S-1-5-21-526676626-1424332610-3041271291-1001
	Account Name:		palla
	Account Domain:		PALLAVI
	Logon ID:		0x9FD690A
	Read Operation:		Enumerate Credentials

This event occurs when a user performs a read operation on stored credentials in Credential Manager.",5379,0.0,,0.0,13824.0,0.0,-9.21436e+18,652536.0,Microsoft-Windows-Security-Auditing,54849625-5478-4994-a5ba-3e3b0328c30d,Security,1044.0,17800.0,Pallavi,,8/22/2025 10:17,c4ca9b73-111d-0000-28a7-cac41d11dc01,,d:\loganalyzerproject\data\security.evtx,System.UInt32[],System.Diagnostics.Eventing.Reader.EventBookmark,Log Always,?E?,User Account Management,System.Collections.ObjectModel.ReadOnlyCollection`1[System.String],System.Collections.Generic.List`1[System.Diagnostics.Eventing.Reader.EventProperty],0,2025-08-22 10:17:00
"Credential Manager credentials were read.

Subject:
	Security ID:		S-1-5-21-526676626-1424332610-3041271291-1001
	Account Name:		palla
	Account Domain:		PALLAVI
	Logon ID:		0x9FD690A
	Read Operation:		Enumerate Credentials

This event occurs when a user performs a read operation on stored credentials in Credential Manager.",5379,0.0,,0.0,13824.0,0.0,-9.21436e+18,652535.0,Microsoft-Windows-Security-Auditing,54849625-5478-4994-a5ba-3e3b0328c30d,Security,1044.0,17800.0,Pallavi,,8/22/2025 10:17,c4ca9b73-111d-0000-28a7-cac41d11dc01,,d:\loganalyzerproject\data\security.evtx,System.UInt32[],System.Diagnostics.Eventing.Reader.EventBookmark,Log Always,?E?,User Account Management,System.Collections.ObjectModel.ReadOnlyCollection`1[System.String],System.Collections.Generic.List`1[System.Diagnostics.Eventing.Reader.EventProperty],0,2025-08-22 10:17:00
"Credential Manager credentials were read.

Subject:
	Security ID:		S-1-5-21-526676626-1424332610-3041271291-1001
	Account Name:		palla
	Account Domain:		PALLAVI
	Logon ID:		0x9FD690A
	Read Operation:		Enumerate Credentials

This event occurs when a user performs a read operation on stored credentials in Credential Manager.",5379,0.0,,0.0,13824.0,0.0,-9.21436e+18,652534.0,Microsoft-Windows-Security-Auditing,54849625-5478-4994-a5ba-3e3b0328c30d,Security,1044.0,17800.0,Pallavi,,8/22/2025 10:17,c4ca9b73-111d-0000-28a7-cac41d11dc01,,d:\loganalyzerproject\data\security.evtx,System.UInt32[],System.Diagnostics.Eventing.Reader.EventBookmark,Log Always,?E?,User Account Management,System.Collections.ObjectModel.ReadOnlyCollection`1[System.String],System.Collections.Generic.List`1[System.Diagnostics.Eventing.Reader.EventProperty],0,2025-08-22 10:17:00
"Credential Manager credentials were read.

Subject:
	Security ID:		S-1-5-21-526676626-1424332610-3041271291-1001
	Account Name:		palla
	Account Domain:		PALLAVI
	Logon ID:		0x9FD690A
	Read Operation:		Enumerate Credentials

This event occurs when a user performs a read operation on stored credentials in Credential Manager.",5379,0.0,,0.0,13824.0,0.0,-9.21436e+18,652533.0,Microsoft-Windows-Security-Auditing,54849625-5478-4994-a5ba-3e3b0328c30d,Security,1044.0,1100.0,Pallavi,,8/22/2025 10:17,c4ca9b73-111d-0000-28a7-cac41d11dc01,,d:\loganalyzerproject\data\security.evtx,System.UInt32[],System.Diagnostics.Eventing.Reader.EventBookmark,Log Always,?E?,User Account Management,System.Collections.ObjectModel.ReadOnlyCollection`1[System.String],System.Collections.Generic.List`1[System.Diagnostics.Eventing.Reader.EventProperty],0,2025-08-22 10:17:00
"Credential Manager credentials were read.

Subject:
	Security ID:		S-1-5-21-526676626-1424332610-3041271291-1001
	Account Name:		palla
	Account Domain:		PALLAVI
	Logon ID:		0x9FD690A
	Read Operation:		Enumerate Credentials

This event occurs when a user performs a read operation on stored credentials in Credential Manager.",5379,0.0,,0.0,13824.0,0.0,-9.21436e+18,652532.0,Microsoft-Windows-Security-Auditing,54849625-5478-4994-a5ba-3e3b0328c30d,Security,1044.0,1100.0,Pallavi,,8/22/2025 10:17,c4ca9b73-111d-0000-28a7-cac41d11dc01,,d:\loganalyzerproject\data\security.evtx,System.UInt32[],System.Diagnostics.Eventing.Reader.EventBookmark,Log Always,?E?,User Account Management,System.Collections.ObjectModel.ReadOnlyCollection`1[System.String],System.Collections.Generic.List`1[System.Diagnostics.Eventing.Reader.EventProperty],0,2025-08-22 10:17:00
"Credential Manager credentials were read.

Subject:
	Security ID:		S-1-5-21-526676626-1424332610-3041271291-1001
	Account Name:		palla
	Account Domain:		PALLAVI
	Logon ID:		0x9FD690A
	Read Operation:		Enumerate Credentials

This event occurs when a user performs a read operation on stored credentials in Credential Manager.",5379,0.0,,0.0,13824.0,0.0,-9.21436e+18,652531.0,Microsoft-Windows-Security-Auditing,54849625-5478-4994-a5ba-3e3b0328c30d,Security,1044.0,1100.0,Pallavi,,8/22/2025 10:17,c4ca9b73-111d-0000-28a7-cac41d11dc01,,d:\loganalyzerproject\data\security.evtx,System.UInt32[],System.Diagnostics.Eventing.Reader.EventBookmark,Log Always,?E?,User Account Management,System.Collections.ObjectModel.ReadOnlyCollection`1[System.String],System.Collections.Generic.List`1[System.Diagnostics.Eventing.Reader.EventProperty],0,2025-08-22 10:17:00
"Credential Manager credentials were read.

Subject:
	Security ID:		S-1-5-21-526676626-1424332610-3041271291-1001
	Account Name:		palla
	Account Domain:		PALLAVI
	Logon ID:		0x9FD690A
	Read Operation:		Enumerate Credentials

This event occurs when a user performs a read operation on stored credentials in Credential Manager.",5379,0.0,,0.0,13824.0,0.0,-9.21436e+18,652530.0,Microsoft-Windows-Security-Auditing,54849625-5478-4994-a5ba-3e3b0328c30d,Security,1044.0,1100.0,Pallavi,,8/22/2025 10:17,c4ca9b73-111d-0000-28a7-cac41d11dc01,,d:\loganalyzerproject\data\security.evtx,System.UInt32[],System.Diagnostics.Eventing.Reader.EventBookmark,Log Always,?E?,User Account Management,System.Collections.ObjectModel.ReadOnlyCollection`1[System.String],System.Collections.Generic.List`1[System.Diagnostics.Eventing.Reader.EventProperty],0,2025-08-22 10:17:00
"Credential Manager credentials were read.

Subject:
	Security ID:		S-1-5-21-526676626-1424332610-3041271291-1001
	Account Name:		palla
	Account Domain:		PALLAVI
	Logon ID:		0x9FD690A
	Read Operation:		Enumerate Credentials

This event occurs when a user performs a read operation on stored credentials in Credential Manager.",5379,0.0,,0.0,13824.0,0.0,-9.21436e+18,652529.0,Microsoft-Windows-Security-Auditing,54849625-5478-4994-a5ba-3e3b0328c30d,Security,1044.0,17800.0,Pallavi,,8/22/2025 10:17,c4ca9b73-111d-0000-28a7-cac41d11dc01,,d:\loganalyzerproject\data\security.evtx,System.UInt32[],System.Diagnostics.Eventing.Reader.EventBookmark,Log Always,?E?,User Account Management,System.Collections.ObjectModel.ReadOnlyCollection`1[System.String],System.Collections.Generic.List`1[System.Diagnostics.Eventing.Reader.EventProperty],0,2025-08-22 10:17:00
"Credential Manager credentials were read.

Subject:
	Security ID:		S-1-5-21-526676626-1424332610-3041271291-1001
	Account Name:		palla
	Account Domain:		PALLAVI
	Logon ID:		0x9FD690A
	Read Operation:		Enumerate Credentials

This event occurs when a user performs a read operation on stored credentials in Credential Manager.",5379,0.0,,0.0,13824.0,0.0,-9.21436e+18,652528.0,Microsoft-Windows-Security-Auditing,54849625-5478-4994-a5ba-3e3b0328c30d,Security,1044.0,17800.0,Pallavi,,8/22/2025 10:17,c4ca9b73-111d-0000-28a7-cac41d11dc01,,d:\loganalyzerproject\data\security.evtx,System.UInt32[],System.Diagnostics.Eventing.Reader.EventBookmark,Log Always,?E?,User Account Management,System.Collections.ObjectModel.ReadOnlyCollection`1[System.String],System.Collections.Generic.List`1[System.Diagnostics.Eventing.Reader.EventProperty],0,2025-08-22 10:17:00
"Credential Manager credentials were read.

Subject:
	Security ID:		S-1-5-21-526676626-1424332610-3041271291-1001
	Account Name:		palla
	Account Domain:		PALLAVI
	Logon ID:		0x9FD690A
	Read Operation:		Enumerate Credentials

This event occurs when a user performs a read operation on stored credentials in Credential Manager.",5379,0.0,,0.0,13824.0,0.0,-9.21436e+18,652527.0,Microsoft-Windows-Security-Auditing,54849625-5478-4994-a5ba-3e3b0328c30d,Security,1044.0,17800.0,Pallavi,,8/22/2025 10:17,c4ca9b73-111d-0000-28a7-cac41d11dc01,,d:\loganalyzerproject\data\security.evtx,System.UInt32[],System.Diagnostics.Eventing.Reader.EventBookmark,Log Always,?E?,User Account Management,System.Collections.ObjectModel.ReadOnlyCollection`1[System.String],System.Collections.Generic.List`1[System.Diagnostics.Eventing.Reader.EventProperty],0,2025-08-22 10:17:00
"Credential Manager credentials were read.

