Subject:
	Security ID:		S-1-5-21-526676626-1424332610-3041271291-1001
	Account Name:		palla
	Account Domain:		PALLAVI
	Logon ID:		0x9FD690A
	Read Operation:		Enumerate Credentials

This event occurs when a user performs a read operation on stored credentials in Credential Manager.",5379,0.0,,0.0,13824.0,0.0,-9.21436e+18,652244.0,Microsoft-Windows-Security-Auditing,54849625-5478-4994-a5ba-3e3b0328c30d,Security,1044.0,17800.0,Pallavi,,8/22/2025 10:15,c4ca9b73-111d-0000-28a7-cac41d11dc01,,d:\loganalyzerproject\data\security.evtx,System.UInt32[],System.Diagnostics.Eventing.Reader.EventBookmark,Log Always,?E?,User Account Management,System.Collections.ObjectModel.ReadOnlyCollection`1[System.String],System.Collections.Generic.List`1[System.Diagnostics.Eventing.Reader.EventProperty],0,2025-08-22 10:15:00
"Credential Manager credentials were read.

Subject:
	Security ID:		S-1-5-21-526676626-1424332610-3041271291-1001
	Account Name:		palla
	Account Domain:		PALLAVI
	Logon ID:		0x9FD690A
	Read Operation:		Enumerate Credentials

This event occurs when a user performs a read operation on stored credentials in Credential Manager.",5379,0.0,,0.0,13824.0,0.0,-9.21436e+18,652243.0,Microsoft-Windows-Security-Auditing,54849625-5478-4994-a5ba-3e3b0328c30d,Security,1044.0,17800.0,Pallavi,,8/22/2025 10:15,c4ca9b73-111d-0000-28a7-cac41d11dc01,,d:\loganalyzerproject\data\security.evtx,System.UInt32[],System.Diagnostics.Eventing.Reader.EventBookmark,Log Always,?E?,User Account Management,System.Collections.ObjectModel.ReadOnlyCollection`1[System.String],System.Collections.Generic.List`1[System.Diagnostics.Eventing.Reader.EventProperty],0,2025-08-22 10:15:00
"Credential Manager credentials were read.

Subject:
	Security ID:		S-1-5-21-526676626-1424332610-3041271291-1001
	Account Name:		palla
	Account Domain:		PALLAVI
	Logon ID:		0x9FD690A
	Read Operation:		Enumerate Credentials

This event occurs when a user performs a read operation on stored credentials in Credential Manager.",5379,0.0,,0.0,13824.0,0.0,-9.21436e+18,652242.0,Microsoft-Windows-Security-Auditing,54849625-5478-4994-a5ba-3e3b0328c30d,Security,1044.0,17800.0,Pallavi,,8/22/2025 10:15,c4ca9b73-111d-0000-28a7-cac41d11dc01,,d:\loganalyzerproject\data\security.evtx,System.UInt32[],System.Diagnostics.Eventing.Reader.EventBookmark,Log Always,?E?,User Account Management,System.Collections.ObjectModel.ReadOnlyCollection`1[System.String],System.Collections.Generic.List`1[System.Diagnostics.Eventing.Reader.EventProperty],0,2025-08-22 10:15:00
"Credential Manager credentials were read.

Subject:
	Security ID:		S-1-5-21-526676626-1424332610-3041271291-1001
	Account Name:		palla
	Account Domain:		PALLAVI
	Logon ID:		0x9FD690A
	Read Operation:		Enumerate Credentials

This event occurs when a user performs a read operation on stored credentials in Credential Manager.",5379,0.0,,0.0,13824.0,0.0,-9.21436e+18,652241.0,Microsoft-Windows-Security-Auditing,54849625-5478-4994-a5ba-3e3b0328c30d,Security,1044.0,17800.0,Pallavi,,8/22/2025 10:15,c4ca9b73-111d-0000-28a7-cac41d11dc01,,d:\loganalyzerproject\data\security.evtx,System.UInt32[],System.Diagnostics.Eventing.Reader.EventBookmark,Log Always,?E?,User Account Management,System.Collections.ObjectModel.ReadOnlyCollection`1[System.String],System.Collections.Generic.List`1[System.Diagnostics.Eventing.Reader.EventProperty],0,2025-08-22 10:15:00
"Credential Manager credentials were read.

Subject:
	Security ID:		S-1-5-21-526676626-1424332610-3041271291-1001
	Account Name:		palla
	Account Domain:		PALLAVI
	Logon ID:		0x9FD690A
	Read Operation:		Enumerate Credentials

This event occurs when a user performs a read operation on stored credentials in Credential Manager.",5379,0.0,,0.0,13824.0,0.0,-9.21436e+18,652240.0,Microsoft-Windows-Security-Auditing,54849625-5478-4994-a5ba-3e3b0328c30d,Security,1044.0,17800.0,Pallavi,,8/22/2025 10:15,c4ca9b73-111d-0000-28a7-cac41d11dc01,,d:\loganalyzerproject\data\security.evtx,System.UInt32[],System.Diagnostics.Eventing.Reader.EventBookmark,Log Always,?E?,User Account Management,System.Collections.ObjectModel.ReadOnlyCollection`1[System.String],System.Collections.Generic.List`1[System.Diagnostics.Eventing.Reader.EventProperty],0,2025-08-22 10:15:00
"Credential Manager credentials were read.

Subject:
	Security ID:		S-1-5-21-526676626-1424332610-3041271291-1001
	Account Name:		palla
	Account Domain:		PALLAVI
	Logon ID:		0x9FD690A
	Read Operation:		Enumerate Credentials

This event occurs when a user performs a read operation on stored credentials in Credential Manager.",5379,0.0,,0.0,13824.0,0.0,-9.21436e+18,652239.0,Microsoft-Windows-Security-Auditing,54849625-5478-4994-a5ba-3e3b0328c30d,Security,1044.0,17800.0,Pallavi,,8/22/2025 10:15,c4ca9b73-111d-0000-28a7-cac41d11dc01,,d:\loganalyzerproject\data\security.evtx,System.UInt32[],System.Diagnostics.Eventing.Reader.EventBookmark,Log Always,?E?,User Account Management,System.Collections.ObjectModel.ReadOnlyCollection`1[System.String],System.Collections.Generic.List`1[System.Diagnostics.Eventing.Reader.EventProperty],0,2025-08-22 10:15:00
"Credential Manager credentials were read.

Subject:
	Security ID:		S-1-5-21-526676626-1424332610-3041271291-1001
	Account Name:		palla
	Account Domain:		PALLAVI
	Logon ID:		0x9FD690A
	Read Operation:		Enumerate Credentials

This event occurs when a user performs a read operation on stored credentials in Credential Manager.",5379,0.0,,0.0,13824.0,0.0,-9.21436e+18,652238.0,Microsoft-Windows-Security-Auditing,54849625-5478-4994-a5ba-3e3b0328c30d,Security,1044.0,17800.0,Pallavi,,8/22/2025 10:15,c4ca9b73-111d-0000-28a7-cac41d11dc01,,d:\loganalyzerproject\data\security.evtx,System.UInt32[],System.Diagnostics.Eventing.Reader.EventBookmark,Log Always,?E?,User Account Management,System.Collections.ObjectModel.ReadOnlyCollection`1[System.String],System.Collections.Generic.List`1[System.Diagnostics.Eventing.Reader.EventProperty],0,2025-08-22 10:15:00
"Credential Manager credentials were read.

Subject:
	Security ID:		S-1-5-21-526676626-1424332610-3041271291-1001
	Account Name:		palla
	Account Domain:		PALLAVI
	Logon ID:		0x9FD690A
	Read Operation:		Enumerate Credentials

This event occurs when a user performs a read operation on stored credentials in Credential Manager.",5379,0.0,,0.0,13824.0,0.0,-9.21436e+18,652237.0,Microsoft-Windows-Security-Auditing,54849625-5478-4994-a5ba-3e3b0328c30d,Security,1044.0,17800.0,Pallavi,,8/22/2025 10:15,c4ca9b73-111d-0000-28a7-cac41d11dc01,,d:\loganalyzerproject\data\security.evtx,System.UInt32[],System.Diagnostics.Eventing.Reader.EventBookmark,Log Always,?E?,User Account Management,System.Collections.ObjectModel.ReadOnlyCollection`1[System.String],System.Collections.Generic.List`1[System.Diagnostics.Eventing.Reader.EventProperty],0,2025-08-22 10:15:00
"Credential Manager credentials were read.

Subject:
	Security ID:		S-1-5-21-526676626-1424332610-3041271291-1001
	Account Name:		palla
	Account Domain:		PALLAVI
	Logon ID:		0x9FD690A
	Read Operation:		Enumerate Credentials

This event occurs when a user performs a read operation on stored credentials in Credential Manager.",5379,0.0,,0.0,13824.0,0.0,-9.21436e+18,652236.0,Microsoft-Windows-Security-Auditing,54849625-5478-4994-a5ba-3e3b0328c30d,Security,1044.0,17800.0,Pallavi,,8/22/2025 10:15,c4ca9b73-111d-0000-28a7-cac41d11dc01,,d:\loganalyzerproject\data\security.evtx,System.UInt32[],System.Diagnostics.Eventing.Reader.EventBookmark,Log Always,?E?,User Account Management,System.Collections.ObjectModel.ReadOnlyCollection`1[System.String],System.Collections.Generic.List`1[System.Diagnostics.Eventing.Reader.EventProperty],0,2025-08-22 10:15:00
"Credential Manager credentials were read.

Subject:
	Security ID:		S-1-5-21-526676626-1424332610-3041271291-1001
	Account Name:		palla
	Account Domain:		PALLAVI
	Logon ID:		0x9FD690A
	Read Operation:		Enumerate Credentials

This event occurs when a user performs a read operation on stored credentials in Credential Manager.",5379,0.0,,0.0,13824.0,0.0,-9.21436e+18,652235.0,Microsoft-Windows-Security-Auditing,54849625-5478-4994-a5ba-3e3b0328c30d,Security,1044.0,17800.0,Pallavi,,8/22/2025 10:15,c4ca9b73-111d-0000-28a7-cac41d11dc01,,d:\loganalyzerproject\data\security.evtx,System.UInt32[],System.Diagnostics.Eventing.Reader.EventBookmark,Log Always,?E?,User Account Management,System.Collections.ObjectModel.ReadOnlyCollection`1[System.String],System.Collections.Generic.List`1[System.Diagnostics.Eventing.Reader.EventProperty],0,2025-08-22 10:15:00
"Credential Manager credentials were read.

Subject:
	Security ID:		S-1-5-21-526676626-1424332610-3041271291-1001
	Account Name:		palla
	Account Domain:		PALLAVI
	Logon ID:		0x9FD690A
	Read Operation:		Read Credential

This event occurs when a user performs a read operation on stored credentials in Credential Manager.",5379,0.0,,0.0,13824.0,0.0,-9.21436e+18,652234.0,Microsoft-Windows-Security-Auditing,54849625-5478-4994-a5ba-3e3b0328c30d,Security,1044.0,17800.0,Pallavi,,8/22/2025 10:15,c4ca9b73-111d-0000-28a7-cac41d11dc01,,d:\loganalyzerproject\data\security.evtx,System.UInt32[],System.Diagnostics.Eventing.Reader.EventBookmark,Log Always,?E?,User Account Management,System.Collections.ObjectModel.ReadOnlyCollection`1[System.String],System.Collections.Generic.List`1[System.Diagnostics.Eventing.Reader.EventProperty],0,2025-08-22 10:15:00
"Credential Manager credentials were read.

Subject:
	Security ID:		S-1-5-21-526676626-1424332610-3041271291-1001
	Account Name:		palla
	Account Domain:		PALLAVI
	Logon ID:		0x9FD690A
	Read Operation:		Enumerate Credentials

This event occurs when a user performs a read operation on stored credentials in Credential Manager.",5379,0.0,,0.0,13824.0,0.0,-9.21436e+18,652233.0,Microsoft-Windows-Security-Auditing,54849625-5478-4994-a5ba-3e3b0328c30d,Security,1044.0,17800.0,Pallavi,,8/22/2025 10:15,c4ca9b73-111d-0000-28a7-cac41d11dc01,,d:\loganalyzerproject\data\security.evtx,System.UInt32[],System.Diagnostics.Eventing.Reader.EventBookmark,Log Always,?E?,User Account Management,System.Collections.ObjectModel.ReadOnlyCollection`1[System.String],System.Collections.Generic.List`1[System.Diagnostics.Eventing.Reader.EventProperty],0,2025-08-22 10:15:00
"Credential Manager credentials were read.

Subject:
	Security ID:		S-1-5-21-526676626-1424332610-3041271291-1001
	Account Name:		palla
	Account Domain:		PALLAVI
	Logon ID:		0x9FD690A
	Read Operation:		Enumerate Credentials

This event occurs when a user performs a read operation on stored credentials in Credential Manager.",5379,0.0,,0.0,13824.0,0.0,-9.21436e+18,652232.0,Microsoft-Windows-Security-Auditing,54849625-5478-4994-a5ba-3e3b0328c30d,Security,1044.0,17800.0,Pallavi,,8/22/2025 10:15,c4ca9b73-111d-0000-28a7-cac41d11dc01,,d:\loganalyzerproject\data\security.evtx,System.UInt32[],System.Diagnostics.Eventing.Reader.EventBookmark,Log Always,?E?,User Account Management,System.Collections.ObjectModel.ReadOnlyCollection`1[System.String],System.Collections.Generic.List`1[System.Diagnostics.Eventing.Reader.EventProperty],0,2025-08-22 10:15:00
"Credential Manager credentials were read.

Subject:
	Security ID:		S-1-5-21-526676626-1424332610-3041271291-1001
	Account Name:		palla
	Account Domain:		PALLAVI
	Logon ID:		0x9FD690A
	Read Operation:		Enumerate Credentials

This event occurs when a user performs a read operation on stored credentials in Credential Manager.",5379,0.0,,0.0,13824.0,0.0,-9.21436e+18,652231.0,Microsoft-Windows-Security-Auditing,54849625-5478-4994-a5ba-3e3b0328c30d,Security,1044.0,17800.0,Pallavi,,8/22/2025 10:15,c4ca9b73-111d-0000-28a7-cac41d11dc01,,d:\loganalyzerproject\data\security.evtx,System.UInt32[],System.Diagnostics.Eventing.Reader.EventBookmark,Log Always,?E?,User Account Management,System.Collections.ObjectModel.ReadOnlyCollection`1[System.String],System.Collections.Generic.List`1[System.Diagnostics.Eventing.Reader.EventProperty],0,2025-08-22 10:15:00
"Credential Manager credentials were read.

Subject:
	Security ID:		S-1-5-21-526676626-1424332610-3041271291-1001
	Account Name:		palla
	Account Domain:		PALLAVI
	Logon ID:		0x9FD690A
	Read Operation:		Enumerate Credentials

This event occurs when a user performs a read operation on stored credentials in Credential Manager.",5379,0.0,,0.0,13824.0,0.0,-9.21436e+18,652230.0,Microsoft-Windows-Security-Auditing,54849625-5478-4994-a5ba-3e3b0328c30d,Security,1044.0,17800.0,Pallavi,,8/22/2025 10:15,c4ca9b73-111d-0000-28a7-cac41d11dc01,,d:\loganalyzerproject\data\security.evtx,System.UInt32[],System.Diagnostics.Eventing.Reader.EventBookmark,Log Always,?E?,User Account Management,System.Collections.ObjectModel.ReadOnlyCollection`1[System.String],System.Collections.Generic.List`1[System.Diagnostics.Eventing.Reader.EventProperty],0,2025-08-22 10:15:00
"Credential Manager credentials were read.

Subject:
	Security ID:		S-1-5-21-526676626-1424332610-3041271291-1001
	Account Name:		palla
	Account Domain:		PALLAVI
	Logon ID:		0x9FD690A
	Read Operation:		Enumerate Credentials

This event occurs when a user performs a read operation on stored credentials in Credential Manager.",5379,0.0,,0.0,13824.0,0.0,-9.21436e+18,652229.0,Microsoft-Windows-Security-Auditing,54849625-5478-4994-a5ba-3e3b0328c30d,Security,1044.0,17800.0,Pallavi,,8/22/2025 10:15,c4ca9b73-111d-0000-28a7-cac41d11dc01,,d:\loganalyzerproject\data\security.evtx,System.UInt32[],System.Diagnostics.Eventing.Reader.EventBookmark,Log Always,?E?,User Account Management,System.Collections.ObjectModel.ReadOnlyCollection`1[System.String],System.Collections.Generic.List`1[System.Diagnostics.Eventing.Reader.EventProperty],0,2025-08-22 10:15:00
"Credential Manager credentials were read.

Subject:
	Security ID:		S-1-5-21-526676626-1424332610-3041271291-1001
	Account Name:		palla
	Account Domain:		PALLAVI
	Logon ID:		0x9FD690A
	Read Operation:		Enumerate Credentials

This event occurs when a user performs a read operation on stored credentials in Credential Manager.",5379,0.0,,0.0,13824.0,0.0,-9.21436e+18,652228.0,Microsoft-Windows-Security-Auditing,54849625-5478-4994-a5ba-3e3b0328c30d,Security,1044.0,17800.0,Pallavi,,8/22/2025 10:15,c4ca9b73-111d-0000-28a7-cac41d11dc01,,d:\loganalyzerproject\data\security.evtx,System.UInt32[],System.Diagnostics.Eventing.Reader.EventBookmark,Log Always,?E?,User Account Management,System.Collections.ObjectModel.ReadOnlyCollection`1[System.String],System.Collections.Generic.List`1[System.Diagnostics.Eventing.Reader.EventProperty],0,2025-08-22 10:15:00
"Credential Manager credentials were read.

Subject:
	Security ID:		S-1-5-21-526676626-1424332610-3041271291-1001
	Account Name:		palla
	Account Domain:		PALLAVI
	Logon ID:		0x9FD690A
	Read Operation:		Enumerate Credentials

This event occurs when a user performs a read operation on stored credentials in Credential Manager.",5379,0.0,,0.0,13824.0,0.0,-9.21436e+18,652227.0,Microsoft-Windows-Security-Auditing,54849625-5478-4994-a5ba-3e3b0328c30d,Security,1044.0,17800.0,Pallavi,,8/22/2025 10:15,c4ca9b73-111d-0000-28a7-cac41d11dc01,,d:\loganalyzerproject\data\security.evtx,System.UInt32[],System.Diagnostics.Eventing.Reader.EventBookmark,Log Always,?E?,User Account Management,System.Collections.ObjectModel.ReadOnlyCollection`1[System.String],System.Collections.Generic.List`1[System.Diagnostics.Eventing.Reader.EventProperty],0,2025-08-22 10:15:00
"Credential Manager credentials were read.

Subject:
	Security ID:		S-1-5-21-526676626-1424332610-3041271291-1001
	Account Name:		palla
	Account Domain:		PALLAVI
	Logon ID:		0x9FD690A
	Read Operation:		Enumerate Credentials

This event occurs when a user performs a read operation on stored credentials in Credential Manager.",5379,0.0,,0.0,13824.0,0.0,-9.21436e+18,652226.0,Microsoft-Windows-Security-Auditing,54849625-5478-4994-a5ba-3e3b0328c30d,Security,1044.0,17800.0,Pallavi,,8/22/2025 10:15,c4ca9b73-111d-0000-28a7-cac41d11dc01,,d:\loganalyzerproject\data\security.evtx,System.UInt32[],System.Diagnostics.Eventing.Reader.EventBookmark,Log Always,?E?,User Account Management,System.Collections.ObjectModel.ReadOnlyCollection`1[System.String],System.Collections.Generic.List`1[System.Diagnostics.Eventing.Reader.EventProperty],0,2025-08-22 10:15:00
"Credential Manager credentials were read.

Subject:
	Security ID:		S-1-5-21-526676626-1424332610-3041271291-1001
	Account Name:		palla
	Account Domain:		PALLAVI
	Logon ID:		0x9FD690A
	Read Operation:		Enumerate Credentials

This event occurs when a user performs a read operation on stored credentials in Credential Manager.",5379,0.0,,0.0,13824.0,0.0,-9.21436e+18,652225.0,Microsoft-Windows-Security-Auditing,54849625-5478-4994-a5ba-3e3b0328c30d,Security,1044.0,4084.0,Pallavi,,8/22/2025 10:15,c4ca9b73-111d-0000-28a7-cac41d11dc01,,d:\loganalyzerproject\data\security.evtx,System.UInt32[],System.Diagnostics.Eventing.Reader.EventBookmark,Log Always,?E?,User Account Management,System.Collections.ObjectModel.ReadOnlyCollection`1[System.String],System.Collections.Generic.List`1[System.Diagnostics.Eventing.Reader.EventProperty],0,2025-08-22 10:15:00
"Credential Manager credentials were read.

Subject:
	Security ID:		S-1-5-21-526676626-1424332610-3041271291-1001
	Account Name:		palla
	Account Domain:		PALLAVI
	Logon ID:		0x9FD690A
	Read Operation:		Enumerate Credentials

This event occurs when a user performs a read operation on stored credentials in Credential Manager.",5379,0.0,,0.0,13824.0,0.0,-9.21436e+18,652224.0,Microsoft-Windows-Security-Auditing,54849625-5478-4994-a5ba-3e3b0328c30d,Security,1044.0,4084.0,Pallavi,,8/22/2025 10:15,c4ca9b73-111d-0000-28a7-cac41d11dc01,,d:\loganalyzerproject\data\security.evtx,System.UInt32[],System.Diagnostics.Eventing.Reader.EventBookmark,Log Always,?E?,User Account Management,System.Collections.ObjectModel.ReadOnlyCollection`1[System.String],System.Collections.Generic.List`1[System.Diagnostics.Eventing.Reader.EventProperty],0,2025-08-22 10:15:00
"Credential Manager credentials were read.

Subject:
	Security ID:		S-1-5-21-526676626-1424332610-3041271291-1001
	Account Name:		palla
	Account Domain:		PALLAVI
	Logon ID:		0x9FD690A
	Read Operation:		Enumerate Credentials

This event occurs when a user performs a read operation on stored credentials in Credential Manager.",5379,0.0,,0.0,13824.0,0.0,-9.21436e+18,652223.0,Microsoft-Windows-Security-Auditing,54849625-5478-4994-a5ba-3e3b0328c30d,Security,1044.0,17800.0,Pallavi,,8/22/2025 10:15,c4ca9b73-111d-0000-28a7-cac41d11dc01,,d:\loganalyzerproject\data\security.evtx,System.UInt32[],System.Diagnostics.Eventing.Reader.EventBookmark,Log Always,?E?,User Account Management,System.Collections.ObjectModel.ReadOnlyCollection`1[System.String],System.Collections.Generic.List`1[System.Diagnostics.Eventing.Reader.EventProperty],0,2025-08-22 10:15:00
"Credential Manager credentials were read.

Subject:
	Security ID:		S-1-5-21-526676626-1424332610-3041271291-1001
	Account Name:		palla
	Account Domain:		PALLAVI
	Logon ID:		0x9FD690A
	Read Operation:		Enumerate Credentials

This event occurs when a user performs a read operation on stored credentials in Credential Manager.",5379,0.0,,0.0,13824.0,0.0,-9.21436e+18,652222.0,Microsoft-Windows-Security-Auditing,54849625-5478-4994-a5ba-3e3b0328c30d,Security,1044.0,17800.0,Pallavi,,8/22/2025 10:15,c4ca9b73-111d-0000-28a7-cac41d11dc01,,d:\loganalyzerproject\data\security.evtx,System.UInt32[],System.Diagnostics.Eventing.Reader.EventBookmark,Log Always,?E?,User Account Management,System.Collections.ObjectModel.ReadOnlyCollection`1[System.String],System.Collections.Generic.List`1[System.Diagnostics.Eventing.Reader.EventProperty],0,2025-08-22 10:15:00
"Credential Manager credentials were read.

Subject:
	Security ID:		S-1-5-21-526676626-1424332610-3041271291-1001
	Account Name:		palla
	Account Domain:		PALLAVI
	Logon ID:		0x9FD690A
	Read Operation:		Enumerate Credentials

This event occurs when a user performs a read operation on stored credentials in Credential Manager.",5379,0.0,,0.0,13824.0,0.0,-9.21436e+18,652221.0,Microsoft-Windows-Security-Auditing,54849625-5478-4994-a5ba-3e3b0328c30d,Security,1044.0,17800.0,Pallavi,,8/22/2025 10:15,c4ca9b73-111d-0000-28a7-cac41d11dc01,,d:\loganalyzerproject\data\security.evtx,System.UInt32[],System.Diagnostics.Eventing.Reader.EventBookmark,Log Always,?E?,User Account Management,System.Collections.ObjectModel.ReadOnlyCollection`1[System.String],System.Collections.Generic.List`1[System.Diagnostics.Eventing.Reader.EventProperty],0,2025-08-22 10:15:00
"Credential Manager credentials were read.

Subject:
	Security ID:		S-1-5-21-526676626-1424332610-3041271291-1001
	Account Name:		palla
	Account Domain:		PALLAVI
	Logon ID:		0x9FD690A
	Read Operation:		Enumerate Credentials

This event occurs when a user performs a read operation on stored credentials in Credential Manager.",5379,0.0,,0.0,13824.0,0.0,-9.21436e+18,652220.0,Microsoft-Windows-Security-Auditing,54849625-5478-4994-a5ba-3e3b0328c30d,Security,1044.0,17800.0,Pallavi,,8/22/2025 10:15,c4ca9b73-111d-0000-28a7-cac41d11dc01,,d:\loganalyzerproject\data\security.evtx,System.UInt32[],System.Diagnostics.Eventing.Reader.EventBookmark,Log Always,?E?,User Account Management,System.Collections.ObjectModel.ReadOnlyCollection`1[System.String],System.Collections.Generic.List`1[System.Diagnostics.Eventing.Reader.EventProperty],0,2025-08-22 10:15:00
"Credential Manager credentials were read.

Subject:
	Security ID:		S-1-5-21-526676626-1424332610-3041271291-1001
	Account Name:		palla
	Account Domain:		PALLAVI
	Logon ID:		0x9FD690A
	Read Operation:		Enumerate Credentials

This event occurs when a user performs a read operation on stored credentials in Credential Manager.",5379,0.0,,0.0,13824.0,0.0,-9.21436e+18,652219.0,Microsoft-Windows-Security-Auditing,54849625-5478-4994-a5ba-3e3b0328c30d,Security,1044.0,17800.0,Pallavi,,8/22/2025 10:15,c4ca9b73-111d-0000-28a7-cac41d11dc01,,d:\loganalyzerproject\data\security.evtx,System.UInt32[],System.Diagnostics.Eventing.Reader.EventBookmark,Log Always,?E?,User Account Management,System.Collections.ObjectModel.ReadOnlyCollection`1[System.String],System.Collections.Generic.List`1[System.Diagnostics.Eventing.Reader.EventProperty],0,2025-08-22 10:15:00
"Credential Manager credentials were read.

Subject:
	Security ID:		S-1-5-21-526676626-1424332610-3041271291-1001
	Account Name:		palla
	Account Domain:		PALLAVI
	Logon ID:		0x9FD690A
	Read Operation:		Enumerate Credentials

This event occurs when a user performs a read operation on stored credentials in Credential Manager.",5379,0.0,,0.0,13824.0,0.0,-9.21436e+18,652218.0,Microsoft-Windows-Security-Auditing,54849625-5478-4994-a5ba-3e3b0328c30d,Security,1044.0,1100.0,Pallavi,,8/22/2025 10:15,c4ca9b73-111d-0000-28a7-cac41d11dc01,,d:\loganalyzerproject\data\security.evtx,System.UInt32[],System.Diagnostics.Eventing.Reader.EventBookmark,Log Always,???,User Account Management,System.Collections.ObjectModel.ReadOnlyCollection`1[System.String],System.Collections.Generic.List`1[System.Diagnostics.Eventing.Reader.EventProperty],0,2025-08-22 10:15:00
"Credential Manager credentials were read.

Subject:
	Security ID:		S-1-5-21-526676626-1424332610-3041271291-1001
	Account Name:		palla
	Account Domain:		PALLAVI
	Logon ID:		0x9FD690A
	Read Operation:		Enumerate Credentials

This event occurs when a user performs a read operation on stored credentials in Credential Manager.",5379,0.0,,0.0,13824.0,0.0,-9.21436e+18,652217.0,Microsoft-Windows-Security-Auditing,54849625-5478-4994-a5ba-3e3b0328c30d,Security,1044.0,4084.0,Pallavi,,8/22/2025 10:15,c4ca9b73-111d-0000-28a7-cac41d11dc01,,d:\loganalyzerproject\data\security.evtx,System.UInt32[],System.Diagnostics.Eventing.Reader.EventBookmark,Log Always,?E?,User Account Management,System.Collections.ObjectModel.ReadOnlyCollection`1[System.String],System.Collections.Generic.List`1[System.Diagnostics.Eventing.Reader.EventProperty],0,2025-08-22 10:15:00
"Credential Manager credentials were read.

Subject:
	Security ID:		S-1-5-21-526676626-1424332610-3041271291-1001
	Account Name:		palla
	Account Domain:		PALLAVI
	Logon ID:		0x9FD690A
	Read Operation:		Enumerate Credentials

This event occurs when a user performs a read operation on stored credentials in Credential Manager.",5379,0.0,,0.0,13824.0,0.0,-9.21436e+18,652216.0,Microsoft-Windows-Security-Auditing,54849625-5478-4994-a5ba-3e3b0328c30d,Security,1044.0,4084.0,Pallavi,,8/22/2025 10:15,c4ca9b73-111d-0000-28a7-cac41d11dc01,,d:\loganalyzerproject\data\security.evtx,System.UInt32[],System.Diagnostics.Eventing.Reader.EventBookmark,Log Always,?E?,User Account Management,System.Collections.ObjectModel.ReadOnlyCollection`1[System.String],System.Collections.Generic.List`1[System.Diagnostics.Eventing.Reader.EventProperty],0,2025-08-22 10:15:00
"Credential Manager credentials were read.

Subject:
	Security ID:		S-1-5-21-526676626-1424332610-3041271291-1001
	Account Name:		palla
	Account Domain:		PALLAVI
	Logon ID:		0x9FD690A
	Read Operation:		Enumerate Credentials

This event occurs when a user performs a read operation on stored credentials in Credential Manager.",5379,0.0,,0.0,13824.0,0.0,-9.21436e+18,652215.0,Microsoft-Windows-Security-Auditing,54849625-5478-4994-a5ba-3e3b0328c30d,Security,1044.0,4084.0,Pallavi,,8/22/2025 10:15,c4ca9b73-111d-0000-28a7-cac41d11dc01,,d:\loganalyzerproject\data\security.evtx,System.UInt32[],System.Diagnostics.Eventing.Reader.EventBookmark,Log Always,?E?,User Account Management,System.Collections.ObjectModel.ReadOnlyCollection`1[System.String],System.Collections.Generic.List`1[System.Diagnostics.Eventing.Reader.EventProperty],0,2025-08-22 10:15:00
"Credential Manager credentials were read.

Subject:
	Security ID:		S-1-5-21-526676626-1424332610-3041271291-1001
	Account Name:		palla
	Account Domain:		PALLAVI
	Logon ID:		0x9FD690A
	Read Operation:		Enumerate Credentials

This event occurs when a user performs a read operation on stored credentials in Credential Manager.",5379,0.0,,0.0,13824.0,0.0,-9.21436e+18,652214.0,Microsoft-Windows-Security-Auditing,54849625-5478-4994-a5ba-3e3b0328c30d,Security,1044.0,4084.0,Pallavi,,8/22/2025 10:15,c4ca9b73-111d-0000-28a7-cac41d11dc01,,d:\loganalyzerproject\data\security.evtx,System.UInt32[],System.Diagnostics.Eventing.Reader.EventBookmark,Log Always,?E?,User Account Management,System.Collections.ObjectModel.ReadOnlyCollection`1[System.String],System.Collections.Generic.List`1[System.Diagnostics.Eventing.Reader.EventProperty],0,2025-08-22 10:15:00
"Special privileges assigned to new logon.

Subject:
	Security ID:		S-1-5-18
	Account Name:		SYSTEM
	Account Domain:		NT AUTHORITY
	Logon ID:		0x3E7

Privileges:		SeAssignPrimaryTokenPrivilege
			SeTcbPrivilege
			SeSecurityPrivilege
			SeTakeOwnershipPrivilege
			SeLoadDriverPrivilege
			SeBackupPrivilege
			SeRestorePrivilege
			SeDebugPrivilege
			SeAuditPrivilege
			SeSystemEnvironmentPrivilege
			SeImpersonatePrivilege
			SeDelegateSessionUserImpersonatePrivilege",4672,0.0,,0.0,12548.0,0.0,-9.21436e+18,652213.0,Microsoft-Windows-Security-Auditing,54849625-5478-4994-a5ba-3e3b0328c30d,Security,1044.0,1100.0,Pallavi,,8/22/2025 10:15,c4ca9b73-111d-0000-28a7-cac41d11dc01,,d:\loganalyzerproject\data\security.evtx,System.UInt32[],System.Diagnostics.Eventing.Reader.EventBookmark,Log Always,?E?,Special Logon,System.Collections.ObjectModel.ReadOnlyCollection`1[System.String],System.Collections.Generic.List`1[System.Diagnostics.Eventing.Reader.EventProperty],0,2025-08-22 10:15:00
"An account was successfully logged on.

Subject:
	Security ID:		S-1-5-18
	Account Name:		PALLAVI$
	Account Domain:		WORKGROUP
	Logon ID:		0x3E7

Logon Information:
	Logon Type:		5
	Restricted Admin Mode:	-
	Remote Credential Guard:	-
	Virtual Account:		No
	Elevated Token:		Yes

Impersonation Level:		Impersonation

New Logon:
	Security ID:		S-1-5-18
	Account Name:		SYSTEM
	Account Domain:		NT AUTHORITY
	Logon ID:		0x3E7
	Linked Logon ID:		0x0
	Network Account Name:	-
	Network Account Domain:	-
	Logon GUID:		{00000000-0000-0000-0000-000000000000}

Process Information:
	Process ID:		0x368
	Process Name:		C:\Windows\System32\services.exe

Network Information:
	Workstation Name:	-
	Source Network Address:	-
	Source Port:		-

Detailed Authentication Information:
	Logon Process:		Advapi  
	Authentication Package:	Negotiate
	Transited Services:	-
	Package Name (NTLM only):	-
	Key Length:		0

This event is generated when a logon session is created. It is generated on the computer that was accessed.

The subject fields indicate the account on the local system which requested the logon. This is most commonly a service such as the Server service, or a local process such as Winlogon.exe or Services.exe.

The logon type field indicates the kind of logon that occurred. The most common types are 2 (interactive) and 3 (network).

The New Logon fields indicate the account for whom the new logon was created, i.e. the account that was logged on.

The network fields indicate where a remote logon request originated. Workstation name is not always available and may be left blank in some cases.

The impersonation level field indicates the extent to which a process in the logon session can impersonate.

The authentication information fields provide detailed information about this specific logon request.
	- Logon GUID is a unique identifier that can be used to correlate this event with a KDC event.
	- Transited services indicate which intermediate services have participated in this logon request.
	- Package name indicates which sub-protocol was used among the NTLM protocols.
	- Key length indicates the length of the generated session key. This will be 0 if no session key was requested.",4624,3.0,,0.0,12544.0,0.0,-9.21436e+18,652212.0,Microsoft-Windows-Security-Auditing,54849625-5478-4994-a5ba-3e3b0328c30d,Security,1044.0,1100.0,Pallavi,,8/22/2025 10:15,c4ca9b73-111d-0000-28a7-cac41d11dc01,,d:\loganalyzerproject\data\security.evtx,System.UInt32[],System.Diagnostics.Eventing.Reader.EventBookmark,Log Always,?E?,Logon,System.Collections.ObjectModel.ReadOnlyCollection`1[System.String],System.Collections.Generic.List`1[System.Diagnostics.Eventing.Reader.EventProperty],0,2025-08-22 10:15:00
"A user's local group membership was enumerated.

Subject:
	Security ID:		S-1-5-21-526676626-1424332610-3041271291-1001
	Account Name:		palla
	Account Domain:		PALLAVI
	Logon ID:		0x9FD690A

User:
	Security ID:		S-1-5-21-526676626-1424332610-3041271291-1001
	Account Name:		palla
	Account Domain:		Pallavi

Process Information:
	Process ID:		0x46b4
	Process Name:		C:\Windows\System32\taskhostw.exe",4798,0.0,,0.0,13824.0,0.0,-9.21436e+18,652211.0,Microsoft-Windows-Security-Auditing,54849625-5478-4994-a5ba-3e3b0328c30d,Security,1044.0,17800.0,Pallavi,,8/22/2025 10:15,c4ca9b73-111d-0000-28a7-cac41d11dc01,,d:\loganalyzerproject\data\security.evtx,System.UInt32[],System.Diagnostics.Eventing.Reader.EventBookmark,Log Always,?E?,User Account Management,System.Collections.ObjectModel.ReadOnlyCollection`1[System.String],System.Collections.Generic.List`1[System.Diagnostics.Eventing.Reader.EventProperty],0,2025-08-22 10:15:00
"A user's local group membership was enumerated.

Subject:
	Security ID:		S-1-5-21-526676626-1424332610-3041271291-1001
	Account Name:		palla
	Account Domain:		PALLAVI
	Logon ID:		0x9FD690A

User:
	Security ID:		S-1-5-21-526676626-1424332610-3041271291-501
	Account Name:		Guest
	Account Domain:		Pallavi

Process Information:
	Process ID:		0x46b4
	Process Name:		C:\Windows\System32\taskhostw.exe",4798,0.0,,0.0,13824.0,0.0,-9.21436e+18,652210.0,Microsoft-Windows-Security-Auditing,54849625-5478-4994-a5ba-3e3b0328c30d,Security,1044.0,17800.0,Pallavi,,8/22/2025 10:15,c4ca9b73-111d-0000-28a7-cac41d11dc01,,d:\loganalyzerproject\data\security.evtx,System.UInt32[],System.Diagnostics.Eventing.Reader.EventBookmark,Log Always,?E?,User Account Management,System.Collections.ObjectModel.ReadOnlyCollection`1[System.String],System.Collections.Generic.List`1[System.Diagnostics.Eventing.Reader.EventProperty],0,2025-08-22 10:15:00
"A user's local group membership was enumerated.

Subject:
	Security ID:		S-1-5-21-526676626-1424332610-3041271291-1001
	Account Name:		palla
	Account Domain:		PALLAVI
	Logon ID:		0x9FD690A

User:
	Security ID:		S-1-5-21-526676626-1424332610-3041271291-503
	Account Name:		DefaultAccount
	Account Domain:		Pallavi

Process Information:
	Process ID:		0x46b4
	Process Name:		C:\Windows\System32\taskhostw.exe",4798,0.0,,0.0,13824.0,0.0,-9.21436e+18,652209.0,Microsoft-Windows-Security-Auditing,54849625-5478-4994-a5ba-3e3b0328c30d,Security,1044.0,17800.0,Pallavi,,8/22/2025 10:15,c4ca9b73-111d-0000-28a7-cac41d11dc01,,d:\loganalyzerproject\data\security.evtx,System.UInt32[],System.Diagnostics.Eventing.Reader.EventBookmark,Log Always,?E?,User Account Management,System.Collections.ObjectModel.ReadOnlyCollection`1[System.String],System.Collections.Generic.List`1[System.Diagnostics.Eventing.Reader.EventProperty],0,2025-08-22 10:15:00
"A user's local group membership was enumerated.

Subject:
	Security ID:		S-1-5-21-526676626-1424332610-3041271291-1001
	Account Name:		palla
	Account Domain:		PALLAVI
	Logon ID:		0x9FD690A

User:
	Security ID:		S-1-5-21-526676626-1424332610-3041271291-500
	Account Name:		Administrator
	Account Domain:		Pallavi

Process Information:
	Process ID:		0x46b4
	Process Name:		C:\Windows\System32\taskhostw.exe",4798,0.0,,0.0,13824.0,0.0,-9.21436e+18,652208.0,Microsoft-Windows-Security-Auditing,54849625-5478-4994-a5ba-3e3b0328c30d,Security,1044.0,17800.0,Pallavi,,8/22/2025 10:15,c4ca9b73-111d-0000-28a7-cac41d11dc01,,d:\loganalyzerproject\data\security.evtx,System.UInt32[],System.Diagnostics.Eventing.Reader.EventBookmark,Log Always,?E?,User Account Management,System.Collections.ObjectModel.ReadOnlyCollection`1[System.String],System.Collections.Generic.List`1[System.Diagnostics.Eventing.Reader.EventProperty],0,2025-08-22 10:15:00
"A user's local group membership was enumerated.

Subject:
	Security ID:		S-1-5-21-526676626-1424332610-3041271291-1001
	Account Name:		palla
	Account Domain:		PALLAVI
	Logon ID:		0x9FD690A

User:
	Security ID:		S-1-5-21-526676626-1424332610-3041271291-1001
	Account Name:		palla
	Account Domain:		Pallavi

Process Information:
	Process ID:		0x46b4
	Process Name:		C:\Windows\System32\taskhostw.exe",4798,0.0,,0.0,13824.0,0.0,-9.21436e+18,652207.0,Microsoft-Windows-Security-Auditing,54849625-5478-4994-a5ba-3e3b0328c30d,Security,1044.0,1100.0,Pallavi,,8/22/2025 10:15,c4ca9b73-111d-0000-28a7-cac41d11dc01,,d:\loganalyzerproject\data\security.evtx,System.UInt32[],System.Diagnostics.Eventing.Reader.EventBookmark,Log Always,?E?,User Account Management,System.Collections.ObjectModel.ReadOnlyCollection`1[System.String],System.Collections.Generic.List`1[System.Diagnostics.Eventing.Reader.EventProperty],0,2025-08-22 10:15:00
"A user's local group membership was enumerated.

Subject:
	Security ID:		S-1-5-21-526676626-1424332610-3041271291-1001
	Account Name:		palla
	Account Domain:		PALLAVI
	Logon ID:		0x9FD690A

User:
	Security ID:		S-1-5-21-526676626-1424332610-3041271291-501
	Account Name:		Guest
	Account Domain:		Pallavi

Process Information:
	Process ID:		0x46b4
	Process Name:		C:\Windows\System32\taskhostw.exe",4798,0.0,,0.0,13824.0,0.0,-9.21436e+18,652206.0,Microsoft-Windows-Security-Auditing,54849625-5478-4994-a5ba-3e3b0328c30d,Security,1044.0,1100.0,Pallavi,,8/22/2025 10:15,c4ca9b73-111d-0000-28a7-cac41d11dc01,,d:\loganalyzerproject\data\security.evtx,System.UInt32[],System.Diagnostics.Eventing.Reader.EventBookmark,Log Always,?E?,User Account Management,System.Collections.ObjectModel.ReadOnlyCollection`1[System.String],System.Collections.Generic.List`1[System.Diagnostics.Eventing.Reader.EventProperty],0,2025-08-22 10:15:00
"A user's local group membership was enumerated.

Subject:
	Security ID:		S-1-5-21-526676626-1424332610-3041271291-1001
	Account Name:		palla
	Account Domain:		PALLAVI
	Logon ID:		0x9FD690A

User:
	Security ID:		S-1-5-21-526676626-1424332610-3041271291-503
	Account Name:		DefaultAccount
	Account Domain:		Pallavi

Process Information:
	Process ID:		0x46b4
	Process Name:		C:\Windows\System32\taskhostw.exe",4798,0.0,,0.0,13824.0,0.0,-9.21436e+18,652205.0,Microsoft-Windows-Security-Auditing,54849625-5478-4994-a5ba-3e3b0328c30d,Security,1044.0,1100.0,Pallavi,,8/22/2025 10:15,c4ca9b73-111d-0000-28a7-cac41d11dc01,,d:\loganalyzerproject\data\security.evtx,System.UInt32[],System.Diagnostics.Eventing.Reader.EventBookmark,Log Always,?E?,User Account Management,System.Collections.ObjectModel.ReadOnlyCollection`1[System.String],System.Collections.Generic.List`1[System.Diagnostics.Eventing.Reader.EventProperty],0,2025-08-22 10:15:00
"A user's local group membership was enumerated.

Subject:
	Security ID:		S-1-5-21-526676626-1424332610-3041271291-1001
	Account Name:		palla
	Account Domain:		PALLAVI
	Logon ID:		0x9FD690A

User:
	Security ID:		S-1-5-21-526676626-1424332610-3041271291-500
	Account Name:		Administrator
	Account Domain:		Pallavi

Process Information:
	Process ID:		0x46b4
	Process Name:		C:\Windows\System32\taskhostw.exe",4798,0.0,,0.0,13824.0,0.0,-9.21436e+18,652204.0,Microsoft-Windows-Security-Auditing,54849625-5478-4994-a5ba-3e3b0328c30d,Security,1044.0,1100.0,Pallavi,,8/22/2025 10:15,c4ca9b73-111d-0000-28a7-cac41d11dc01,,d:\loganalyzerproject\data\security.evtx,System.UInt32[],System.Diagnostics.Eventing.Reader.EventBookmark,Log Always,?E?,User Account Management,System.Collections.ObjectModel.ReadOnlyCollection`1[System.String],System.Collections.Generic.List`1[System.Diagnostics.Eventing.Reader.EventProperty],0,2025-08-22 10:15:00
"A user's local group membership was enumerated.

Subject:
	Security ID:		S-1-5-18
	Account Name:		PALLAVI$
	Account Domain:		WORKGROUP
	Logon ID:		0x3E7

User:
	Security ID:		S-1-5-21-526676626-1424332610-3041271291-1001
	Account Name:		palla
	Account Domain:		Pallavi

Process Information:
	Process ID:		0x1b30
	Process Name:		C:\Windows\System32\svchost.exe",4798,0.0,,0.0,13824.0,0.0,-9.21436e+18,652203.0,Microsoft-Windows-Security-Auditing,54849625-5478-4994-a5ba-3e3b0328c30d,Security,1044.0,8728.0,Pallavi,,8/22/2025 10:14,c4ca9b73-111d-0000-28a7-cac41d11dc01,,d:\loganalyzerproject\data\security.evtx,System.UInt32[],System.Diagnostics.Eventing.Reader.EventBookmark,Log Always,?E?,User Account Management,System.Collections.ObjectModel.ReadOnlyCollection`1[System.String],System.Collections.Generic.List`1[System.Diagnostics.Eventing.Reader.EventProperty],0,2025-08-22 10:14:00
"A user's local group membership was enumerated.

Subject:
	Security ID:		S-1-5-18
	Account Name:		PALLAVI$
	Account Domain:		WORKGROUP
	Logon ID:		0x3E7

User:
	Security ID:		S-1-5-21-526676626-1424332610-3041271291-501
	Account Name:		Guest
	Account Domain:		Pallavi

Process Information:
	Process ID:		0x1b30
	Process Name:		C:\Windows\System32\svchost.exe",4798,0.0,,0.0,13824.0,0.0,-9.21436e+18,652202.0,Microsoft-Windows-Security-Auditing,54849625-5478-4994-a5ba-3e3b0328c30d,Security,1044.0,8728.0,Pallavi,,8/22/2025 10:14,c4ca9b73-111d-0000-28a7-cac41d11dc01,,d:\loganalyzerproject\data\security.evtx,System.UInt32[],System.Diagnostics.Eventing.Reader.EventBookmark,Log Always,?E?,User Account Management,System.Collections.ObjectModel.ReadOnlyCollection`1[System.String],System.Collections.Generic.List`1[System.Diagnostics.Eventing.Reader.EventProperty],0,2025-08-22 10:14:00
"A user's local group membership was enumerated.

Subject:
	Security ID:		S-1-5-18
	Account Name:		PALLAVI$
	Account Domain:		WORKGROUP
	Logon ID:		0x3E7

User:
	Security ID:		S-1-5-21-526676626-1424332610-3041271291-503
	Account Name:		DefaultAccount
	Account Domain:		Pallavi

Process Information:
	Process ID:		0x1b30
	Process Name:		C:\Windows\System32\svchost.exe",4798,0.0,,0.0,13824.0,0.0,-9.21436e+18,652201.0,Microsoft-Windows-Security-Auditing,54849625-5478-4994-a5ba-3e3b0328c30d,Security,1044.0,8728.0,Pallavi,,8/22/2025 10:14,c4ca9b73-111d-0000-28a7-cac41d11dc01,,d:\loganalyzerproject\data\security.evtx,System.UInt32[],System.Diagnostics.Eventing.Reader.EventBookmark,Log Always,?E?,User Account Management,System.Collections.ObjectModel.ReadOnlyCollection`1[System.String],System.Collections.Generic.List`1[System.Diagnostics.Eventing.Reader.EventProperty],0,2025-08-22 10:14:00
"A user's local group membership was enumerated.

Subject:
	Security ID:		S-1-5-18
	Account Name:		PALLAVI$
	Account Domain:		WORKGROUP
	Logon ID:		0x3E7

User:
	Security ID:		S-1-5-21-526676626-1424332610-3041271291-500
	Account Name:		Administrator
	Account Domain:		Pallavi

Process Information:
	Process ID:		0x1b30
	Process Name:		C:\Windows\System32\svchost.exe",4798,0.0,,0.0,13824.0,0.0,-9.21436e+18,652200.0,Microsoft-Windows-Security-Auditing,54849625-5478-4994-a5ba-3e3b0328c30d,Security,1044.0,8728.0,Pallavi,,8/22/2025 10:14,c4ca9b73-111d-0000-28a7-cac41d11dc01,,d:\loganalyzerproject\data\security.evtx,System.UInt32[],System.Diagnostics.Eventing.Reader.EventBookmark,Log Always,?E?,User Account Management,System.Collections.ObjectModel.ReadOnlyCollection`1[System.String],System.Collections.Generic.List`1[System.Diagnostics.Eventing.Reader.EventProperty],0,2025-08-22 10:14:00
"A user's local group membership was enumerated.

Subject:
	Security ID:		S-1-5-18
	Account Name:		PALLAVI$
	Account Domain:		WORKGROUP
	Logon ID:		0x3E7

User:
	Security ID:		S-1-5-21-526676626-1424332610-3041271291-1001
	Account Name:		palla
	Account Domain:		Pallavi

Process Information:
	Process ID:		0x1b30
	Process Name:		C:\Windows\System32\svchost.exe",4798,0.0,,0.0,13824.0,0.0,-9.21436e+18,652199.0,Microsoft-Windows-Security-Auditing,54849625-5478-4994-a5ba-3e3b0328c30d,Security,1044.0,8728.0,Pallavi,,8/22/2025 10:14,c4ca9b73-111d-0000-28a7-cac41d11dc01,,d:\loganalyzerproject\data\security.evtx,System.UInt32[],System.Diagnostics.Eventing.Reader.EventBookmark,Log Always,?E?,User Account Management,System.Collections.ObjectModel.ReadOnlyCollection`1[System.String],System.Collections.Generic.List`1[System.Diagnostics.Eventing.Reader.EventProperty],0,2025-08-22 10:14:00
"A user's local group membership was enumerated.

Subject:
	Security ID:		S-1-5-18
	Account Name:		PALLAVI$
	Account Domain:		WORKGROUP
	Logon ID:		0x3E7

User:
	Security ID:		S-1-5-21-526676626-1424332610-3041271291-501
	Account Name:		Guest
	Account Domain:		Pallavi

Process Information:
	Process ID:		0x1b30
	Process Name:		C:\Windows\System32\svchost.exe",4798,0.0,,0.0,13824.0,0.0,-9.21436e+18,652198.0,Microsoft-Windows-Security-Auditing,54849625-5478-4994-a5ba-3e3b0328c30d,Security,1044.0,8728.0,Pallavi,,8/22/2025 10:14,c4ca9b73-111d-0000-28a7-cac41d11dc01,,d:\loganalyzerproject\data\security.evtx,System.UInt32[],System.Diagnostics.Eventing.Reader.EventBookmark,Log Always,?E?,User Account Management,System.Collections.ObjectModel.ReadOnlyCollection`1[System.String],System.Collections.Generic.List`1[System.Diagnostics.Eventing.Reader.EventProperty],0,2025-08-22 10:14:00
"A user's local group membership was enumerated.

Subject:
	Security ID:		S-1-5-18
	Account Name:		PALLAVI$
	Account Domain:		WORKGROUP
	Logon ID:		0x3E7

User:
	Security ID:		S-1-5-21-526676626-1424332610-3041271291-503
	Account Name:		DefaultAccount
	Account Domain:		Pallavi

Process Information:
	Process ID:		0x1b30
	Process Name:		C:\Windows\System32\svchost.exe",4798,0.0,,0.0,13824.0,0.0,-9.21436e+18,652197.0,Microsoft-Windows-Security-Auditing,54849625-5478-4994-a5ba-3e3b0328c30d,Security,1044.0,8728.0,Pallavi,,8/22/2025 10:14,c4ca9b73-111d-0000-28a7-cac41d11dc01,,d:\loganalyzerproject\data\security.evtx,System.UInt32[],System.Diagnostics.Eventing.Reader.EventBookmark,Log Always,?E?,User Account Management,System.Collections.ObjectModel.ReadOnlyCollection`1[System.String],System.Collections.Generic.List`1[System.Diagnostics.Eventing.Reader.EventProperty],0,2025-08-22 10:14:00
"A user's local group membership was enumerated.

Subject:
	Security ID:		S-1-5-18
	Account Name:		PALLAVI$
	Account Domain:		WORKGROUP
	Logon ID:		0x3E7

User:
	Security ID:		S-1-5-21-526676626-1424332610-3041271291-500
	Account Name:		Administrator
	Account Domain:		Pallavi

Process Information:
	Process ID:		0x1b30
	Process Name:		C:\Windows\System32\svchost.exe",4798,0.0,,0.0,13824.0,0.0,-9.21436e+18,652196.0,Microsoft-Windows-Security-Auditing,54849625-5478-4994-a5ba-3e3b0328c30d,Security,1044.0,8728.0,Pallavi,,8/22/2025 10:14,c4ca9b73-111d-0000-28a7-cac41d11dc01,,d:\loganalyzerproject\data\security.evtx,System.UInt32[],System.Diagnostics.Eventing.Reader.EventBookmark,Log Always,?E?,User Account Management,System.Collections.ObjectModel.ReadOnlyCollection`1[System.String],System.Collections.Generic.List`1[System.Diagnostics.Eventing.Reader.EventProperty],0,2025-08-22 10:14:00
"Credential Manager credentials were read.

Subject:
	Security ID:		S-1-5-21-526676626-1424332610-3041271291-1001
	Account Name:		palla
	Account Domain:		PALLAVI
	Logon ID:		0x9FD690A
	Read Operation:		Enumerate Credentials

This event occurs when a user performs a read operation on stored credentials in Credential Manager.",5379,0.0,,0.0,13824.0,0.0,-9.21436e+18,652195.0,Microsoft-Windows-Security-Auditing,54849625-5478-4994-a5ba-3e3b0328c30d,Security,1044.0,17800.0,Pallavi,,8/22/2025 10:14,c4ca9b73-111d-0000-28a7-cac41d11dc01,,d:\loganalyzerproject\data\security.evtx,System.UInt32[],System.Diagnostics.Eventing.Reader.EventBookmark,Log Always,?E?,User Account Management,System.Collections.ObjectModel.ReadOnlyCollection`1[System.String],System.Collections.Generic.List`1[System.Diagnostics.Eventing.Reader.EventProperty],0,2025-08-22 10:14:00
"Credential Manager credentials were read.

Subject:
	Security ID:		S-1-5-21-526676626-1424332610-3041271291-1001
	Account Name:		palla
	Account Domain:		PALLAVI
	Logon ID:		0x9FD690A
	Read Operation:		Enumerate Credentials

This event occurs when a user performs a read operation on stored credentials in Credential Manager.",5379,0.0,,0.0,13824.0,0.0,-9.21436e+18,652194.0,Microsoft-Windows-Security-Auditing,54849625-5478-4994-a5ba-3e3b0328c30d,Security,1044.0,17800.0,Pallavi,,8/22/2025 10:14,c4ca9b73-111d-0000-28a7-cac41d11dc01,,d:\loganalyzerproject\data\security.evtx,System.UInt32[],System.Diagnostics.Eventing.Reader.EventBookmark,Log Always,?E?,User Account Management,System.Collections.ObjectModel.ReadOnlyCollection`1[System.String],System.Collections.Generic.List`1[System.Diagnostics.Eventing.Reader.EventProperty],0,2025-08-22 10:14:00
"Credential Manager credentials were read.

Subject:
	Security ID:		S-1-5-21-526676626-1424332610-3041271291-1001
	Account Name:		palla
	Account Domain:		PALLAVI
	Logon ID:		0x9FD690A
	Read Operation:		Enumerate Credentials

This event occurs when a user performs a read operation on stored credentials in Credential Manager.",5379,0.0,,0.0,13824.0,0.0,-9.21436e+18,652193.0,Microsoft-Windows-Security-Auditing,54849625-5478-4994-a5ba-3e3b0328c30d,Security,1044.0,17800.0,Pallavi,,8/22/2025 10:14,c4ca9b73-111d-0000-28a7-cac41d11dc01,,d:\loganalyzerproject\data\security.evtx,System.UInt32[],System.Diagnostics.Eventing.Reader.EventBookmark,Log Always,?E?,User Account Management,System.Collections.ObjectModel.ReadOnlyCollection`1[System.String],System.Collections.Generic.List`1[System.Diagnostics.Eventing.Reader.EventProperty],0,2025-08-22 10:14:00
"Credential Manager credentials were read.

Subject:
	Security ID:		S-1-5-21-526676626-1424332610-3041271291-1001
	Account Name:		palla
	Account Domain:		PALLAVI
	Logon ID:		0x9FD690A
	Read Operation:		Enumerate Credentials

This event occurs when a user performs a read operation on stored credentials in Credential Manager.",5379,0.0,,0.0,13824.0,0.0,-9.21436e+18,652192.0,Microsoft-Windows-Security-Auditing,54849625-5478-4994-a5ba-3e3b0328c30d,Security,1044.0,17800.0,Pallavi,,8/22/2025 10:14,c4ca9b73-111d-0000-28a7-cac41d11dc01,,d:\loganalyzerproject\data\security.evtx,System.UInt32[],System.Diagnostics.Eventing.Reader.EventBookmark,Log Always,?E?,User Account Management,System.Collections.ObjectModel.ReadOnlyCollection`1[System.String],System.Collections.Generic.List`1[System.Diagnostics.Eventing.Reader.EventProperty],0,2025-08-22 10:14:00
"Credential Manager credentials were read.

Subject:
	Security ID:		S-1-5-21-526676626-1424332610-3041271291-1001
	Account Name:		palla
	Account Domain:		PALLAVI
	Logon ID:		0x9FD690A
	Read Operation:		Enumerate Credentials

This event occurs when a user performs a read operation on stored credentials in Credential Manager.",5379,0.0,,0.0,13824.0,0.0,-9.21436e+18,652191.0,Microsoft-Windows-Security-Auditing,54849625-5478-4994-a5ba-3e3b0328c30d,Security,1044.0,17800.0,Pallavi,,8/22/2025 10:14,c4ca9b73-111d-0000-28a7-cac41d11dc01,,d:\loganalyzerproject\data\security.evtx,System.UInt32[],System.Diagnostics.Eventing.Reader.EventBookmark,Log Always,?E?,User Account Management,System.Collections.ObjectModel.ReadOnlyCollection`1[System.String],System.Collections.Generic.List`1[System.Diagnostics.Eventing.Reader.EventProperty],0,2025-08-22 10:14:00
"Credential Manager credentials were read.

